{"op":"INIT","trains":[{"train_id":"T1","coaches":[{"coach_id":"1A","tier":"1AC","seats":[1,2,3,4]},{"coach_id":"2A","tier":"2AC","seats":[1,2,3,4,5,6,7,8]},{"coach_id":"3A","tier":"3AC","seats":[1,2,3,4,5,6,7,8]}]},{"train_id":"T2","coaches":[{"coach_id":"1B","tier":"1AC","seats":[1,2,3,4]},{"coach_id":"2B","tier":"2AC","seats":[1,2,3,4,5,6,7,8]},{"coach_id":"3B","tier":"3AC","seats":[1,2,3,4,5,6,7,8]}]}],"ts":1773638028.8622725}
{"op":"BOOK_TIER","ticket_id":"TKT-1773638176983-1","client":"c1","train":"T1","tier":"1AC","seat_id":"T1-1A-1","status":"confirmed","ts":1773638176.983299}
{"op":"BOOK_TIER","ticket_id":"TKT-1773638400069-2","client":"c2","train":"T1","tier":"1AC","seat_id":"T1-1A-2","status":"confirmed","ts":1773638400.069803}
{"op":"BOOK_TIER","ticket_id":"TKT-1773638420039-3","client":"c2","train":"T1","tier":"1AC","seat_id":"T1-1A-3","status":"confirmed","ts":1773638420.0393019}
{"op":"BOOK_TIER","ticket_id":"TKT-1773638428717-4","client":"c2","train":"T1","tier":"1AC","seat_id":"T1-1A-4","status":"confirmed","ts":1773638428.7176337}
{"op":"WAITLIST_ADD","ticket_id":"TKT-1773638482326-5","client":"c3","train":"T1","tier":"1AC","ts":1773638482.3261614}
{"op":"CANCEL_TICKET","ticket_id":"TKT-1773638420039-3","client":"c2","train":"T1","tier":"1AC","seat_id":"T1-1A-3","ts":1773638579.2178276}
{"op":"PROMOTE_TICKET","ticket_id":"TKT-1773638482326-5","client":"c3","train":"T1","tier":"1AC","seat_id":"T1-1A-3","ts":1773638579.2210083}
{"op":"WAITLIST_ADD","ticket_id":"TKT-1773651649599-6","client":"c0","train":"T1","tier":"1AC","ts":1773651649.599614}
{"op":"BOOK_TIER","ticket_id":"TKT-1773651649601-7","client":"c1","train":"T2","tier":"1AC","seat_id":"T2-1B-1","status":"confirmed","ts":1773651649.6013322}
{"op":"BOOK_TIER","ticket_id":"TKT-1773651649602-8","client":"c2","train":"T1","tier":"2AC","seat_id":"T1-2A-1","status":"confirmed","ts":1773651649.6025963}
{"op":"BOOK_TIER","ticket_id":"TKT-1773651649603-9","client":"c3","train":"T2","tier":"3AC","seat_id":"T2-3B-1","status":"confirmed","ts":1773651649.6037836}
{"op":"BOOK_TIER","ticket_id":"TKT-1773651649604-10","client":"c4","train":"T2","tier":"1AC","seat_id":"T2-1B-2","status":"confirmed","ts":1773651649.6049478}
{"op":"BOOK_TIER","ticket_id":"TKT-1773651649606-11","client":"c5","train":"T2","tier":"3AC","seat_id":"T2-3B-2","status":"confirmed","ts":1773651649.606312}
{"op":"BOOK_TIER","ticket_id":"TKT-1773651649608-12","client":"c6","train":"T1","tier":"2AC","seat_id":"T1-2A-2","status":"confirmed","ts":1773651649.608168}
{"op":"BOOK_TIER","ticket_id":"TKT-1773651649609-13","client":"c0","train":"T2","tier":"3AC","seat_id":"T2-3B-3","status":"confirmed","ts":1773651649.6093748}
{"op":"BOOK_TIER","ticket_id":"TKT-1773651649610-14","client":"c1","train":"T1","tier":"2AC","seat_id":"T1-2A-3","status":"confirmed","ts":1773651649.6102614}
{"op":"BOOK_TIER","ticket_id":"TKT-1773651649611-15","client":"c2","train":"T1","tier":"3AC","seat_id":"T1-3A-1","status":"confirmed","ts":1773651649.6113744}
{"op":"WAITLIST_ADD","ticket_id":"TKT-1773651649612-16","client":"c3","train":"T1","tier":"1AC","ts":1773651649.6127505}
{"op":"BOOK_TIER","ticket_id":"TKT-1773651649613-17","client":"c4","train":"T1","tier":"2AC","seat_id":"T1-2A-4","status":"confirmed","ts":1773651649.6138685}
{"op":"BOOK_TIER","ticket_id":"TKT-1773651649615-18","client":"c7","train":"T2","tier":"2AC","seat_id":"T2-2B-1","status":"confirmed","ts":1773651649.6154063}
{"op":"CANCEL_TICKET","ticket_id":"TKT-1773651649606-11","client":"c5","train":"T2","tier":"3AC","seat_id":"T2-3B-2","ts":1773651649.616509}
{"op":"BOOK_TIER","ticket_id":"TKT-1773651649617-19","client":"c8","train":"T1","tier":"2AC","seat_id":"T1-2A-5","status":"confirmed","ts":1773651649.6175609}
{"op":"WAITLIST_ADD","ticket_id":"TKT-1773651649619-20","client":"c6","train":"T1","tier":"1AC","ts":1773651649.6190178}
{"op":"CANCEL_TICKET","ticket_id":"TKT-1773651649609-13","client":"c0","train":"T2","tier":"3AC","seat_id":"T2-3B-3","ts":1773651649.6199818}
{"op":"BOOK_TIER","ticket_id":"TKT-1773651649621-21","client":"c1","train":"T2","tier":"1AC","seat_id":"T2-1B-3","status":"confirmed","ts":1773651649.621262}
{"op":"CANCEL_TICKET","ticket_id":"TKT-1773651649611-15","client":"c2","train":"T1","tier":"3AC","seat_id":"T1-3A-1","ts":1773651649.6226938}
{"op":"BOOK_TIER","ticket_id":"TKT-1773651649623-22","client":"c3","train":"T2","tier":"3AC","seat_id":"T2-3B-2","status":"confirmed","ts":1773651649.6235466}
{"op":"BOOK_TIER","ticket_id":"TKT-1773651649624-23","client":"c4","train":"T2","tier":"2AC","seat_id":"T2-2B-2","status":"confirmed","ts":1773651649.6243367}
{"op":"BOOK_TIER","ticket_id":"TKT-1773651649625-24","client":"c9","train":"T1","tier":"3AC","seat_id":"T1-3A-1","status":"confirmed","ts":1773651649.6252415}
{"op":"WAITLIST_ADD","ticket_id":"TKT-1773651649626-25","client":"c7","train":"T1","tier":"1AC","ts":1773651649.626033}
{"op":"WAITLIST_ADD","ticket_id":"TKT-1773651649627-26","client":"c5","train":"T1","tier":"1AC","ts":1773651649.6272779}
{"op":"BOOK_TIER","ticket_id":"TKT-1773651649629-27","client":"c8","train":"T2","tier":"1AC","seat_id":"T2-1B-4","status":"confirmed","ts":1773651649.6295085}
{"op":"BOOK_TIER","ticket_id":"TKT-1773651649630-28","client":"c6","train":"T1","tier":"2AC","seat_id":"T1-2A-6","status":"confirmed","ts":1773651649.630836}
{"op":"BOOK_TIER","ticket_id":"TKT-1773651649631-29","client":"c0","train":"T1","tier":"3AC","seat_id":"T1-3A-2","status":"confirmed","ts":1773651649.6318495}
{"op":"WAITLIST_ADD","ticket_id":"TKT-1773651649632-30","client":"c1","train":"T2","tier":"1AC","ts":1773651649.6327643}
{"op":"BOOK_TIER","ticket_id":"TKT-1773651649633-31","client":"c2","train":"T1","tier":"2AC","seat_id":"T1-2A-7","status":"confirmed","ts":1773651649.6336646}
{"op":"BOOK_TIER","ticket_id":"TKT-1773651649634-32","client":"c3","train":"T2","tier":"2AC","seat_id":"T2-2B-3","status":"confirmed","ts":1773651649.6346054}
{"op":"BOOK_TIER","ticket_id":"TKT-1773651649635-33","client":"c4","train":"T2","tier":"2AC","seat_id":"T2-2B-4","status":"confirmed","ts":1773651649.6356845}
{"op":"WAITLIST_ADD","ticket_id":"TKT-1773651649636-34","client":"c9","train":"T1","tier":"1AC","ts":1773651649.6367755}
{"op":"BOOK_TIER","ticket_id":"TKT-1773651649638-35","client":"c7","train":"T2","tier":"2AC","seat_id":"T2-2B-5","status":"confirmed","ts":1773651649.6380131}
{"op":"WAITLIST_ADD","ticket_id":"TKT-1773651649639-36","client":"c5","train":"T2","tier":"1AC","ts":1773651649.6391494}
{"op":"BOOK_TIER","ticket_id":"TKT-1773651649640-37","client":"c8","train":"T2","tier":"3AC","seat_id":"T2-3B-3","status":"confirmed","ts":1773651649.6401935}
{"op":"BOOK_TIER","ticket_id":"TKT-1773651649641-38","client":"c6","train":"T1","tier":"2AC","seat_id":"T1-2A-8","status":"confirmed","ts":1773651649.6413424}
{"op":"BOOK_TIER","ticket_id":"TKT-1773651649642-39","client":"c0","train":"T2","tier":"3AC","seat_id":"T2-3B-4","status":"confirmed","ts":1773651649.6424105}
{"op":"BOOK_TIER","ticket_id":"TKT-1773651649643-40","client":"c1","train":"T2","tier":"3AC","seat_id":"T2-3B-5","status":"confirmed","ts":1773651649.643334}
{"op":"WAITLIST_ADD","ticket_id":"TKT-1773651649644-41","client":"c2","train":"T1","tier":"2AC","ts":1773651649.6443887}
{"op":"BOOK_TIER","ticket_id":"TKT-1773651649645-42","client":"c3","train":"T2","tier":"3AC","seat_id":"T2-3B-6","status":"confirmed","ts":1773651649.6456609}
{"op":"WAITLIST_ADD","ticket_id":"TKT-1773651649646-43","client":"c4","train":"T2","tier":"1AC","ts":1773651649.646634}
{"op":"WAITLIST_ADD","ticket_id":"TKT-1773651649647-44","client":"c9","train":"T1","tier":"1AC","ts":1773651649.647641}
{"op":"WAITLIST_ADD","ticket_id":"TKT-1773651649648-45","client":"c7","train":"T2","tier":"1AC","ts":1773651649.6482935}
{"op":"BOOK_TIER","ticket_id":"TKT-1773651649649-46","client":"c5","train":"T2","tier":"3AC","seat_id":"T2-3B-7","status":"confirmed","ts":1773651649.6491868}
{"op":"BOOK_TIER","ticket_id":"TKT-1773651649650-47","client":"c8","train":"T1","tier":"3AC","seat_id":"T1-3A-3","status":"confirmed","ts":1773651649.6504357}
{"op":"BOOK_TIER","ticket_id":"TKT-1773651649651-48","client":"c6","train":"T1","tier":"3AC","seat_id":"T1-3A-4","status":"confirmed","ts":1773651649.651662}
{"op":"BOOK_TIER","ticket_id":"TKT-1773651649652-49","client":"c0","train":"T2","tier":"2AC","seat_id":"T2-2B-6","status":"confirmed","ts":1773651649.6525018}
{"op":"WAITLIST_ADD","ticket_id":"TKT-1773651649653-50","client":"c1","train":"T1","tier":"1AC","ts":1773651649.6536696}
{"op":"WAITLIST_ADD","ticket_id":"TKT-1773651649654-51","client":"c2","train":"T1","tier":"2AC","ts":1773651649.6548634}
{"op":"BOOK_TIER","ticket_id":"TKT-1773651649655-52","client":"c3","train":"T2","tier":"3AC","seat_id":"T2-3B-8","status":"confirmed","ts":1773651649.6556609}
{"op":"WAITLIST_ADD","ticket_id":"TKT-1773651649656-53","client":"c4","train":"T1","tier":"1AC","ts":1773651649.6569402}
{"op":"CANCEL_TICKET","ticket_id":"TKT-1773651649647-44","client":"c9","train":"T1","tier":"1AC","seat_id":null,"ts":1773651649.6577494}
{"op":"BOOK_TIER","ticket_id":"TKT-1773651649658-54","client":"c7","train":"T1","tier":"3AC","seat_id":"T1-3A-5","status":"confirmed","ts":1773651649.6589203}
{"op":"BOOK_TIER","ticket_id":"TKT-1773651649660-55","client":"c5","train":"T1","tier":"3AC","seat_id":"T1-3A-6","status":"confirmed","ts":1773651649.6600587}
{"op":"BOOK_TIER","ticket_id":"TKT-1773651649661-56","client":"c8","train":"T1","tier":"3AC","seat_id":"T1-3A-7","status":"confirmed","ts":1773651649.6611457}
{"op":"WAITLIST_ADD","ticket_id":"TKT-1773651649662-57","client":"c6","train":"T2","tier":"3AC","ts":1773651649.6624072}
{"op":"CANCEL_TICKET","ticket_id":"TKT-1773651649652-49","client":"c0","train":"T2","tier":"2AC","seat_id":"T2-2B-6","ts":1773651649.6632955}
{"op":"WAITLIST_ADD","ticket_id":"TKT-1773651649664-58","client":"c1","train":"T1","tier":"2AC","ts":1773651649.6647413}
{"op":"CANCEL_TICKET","ticket_id":"TKT-1773651649654-51","client":"c2","train":"T1","tier":"2AC","seat_id":null,"ts":1773651649.6656435}
{"op":"CANCEL_TICKET","ticket_id":"TKT-1773651649655-52","client":"c3","train":"T2","tier":"3AC","seat_id":"T2-3B-8","ts":1773651649.666803}
{"op":"PROMOTE_TICKET","ticket_id":"TKT-1773651649662-57","client":"c6","train":"T2","tier":"3AC","seat_id":"T2-3B-8","ts":1773651649.6673946}
{"op":"WAITLIST_ADD","ticket_id":"TKT-1773651649668-59","client":"c4","train":"T1","tier":"2AC","ts":1773651649.668157}
{"op":"BOOK_TIER","ticket_id":"TKT-1773651649669-60","client":"c9","train":"T1","tier":"3AC","seat_id":"T1-3A-8","status":"confirmed","ts":1773651649.669162}
{"op":"CANCEL_TICKET","ticket_id":"TKT-1773651649658-54","client":"c7","train":"T1","tier":"3AC","seat_id":"T1-3A-5","ts":1773651649.6702588}
{"op":"WAITLIST_ADD","ticket_id":"TKT-1773651649671-61","client":"c5","train":"T1","tier":"1AC","ts":1773651649.6714635}
{"op":"WAITLIST_ADD","ticket_id":"TKT-1773651649672-62","client":"c8","train":"T1","tier":"1AC","ts":1773651649.6725566}
{"op":"BOOK_TIER","ticket_id":"TKT-1773651649673-63","client":"c6","train":"T2","tier":"2AC","seat_id":"T2-2B-6","status":"confirmed","ts":1773651649.6734624}
{"op":"WAITLIST_ADD","ticket_id":"TKT-1773651649674-64","client":"c0","train":"T2","tier":"3AC","ts":1773651649.674575}
{"op":"WAITLIST_ADD","ticket_id":"TKT-1773651649675-65","client":"c1","train":"T1","tier":"1AC","ts":1773651649.6752706}
{"op":"WAITLIST_ADD","ticket_id":"TKT-1773651649676-66","client":"c2","train":"T1","tier":"2AC","ts":1773651649.676391}
{"op":"WAITLIST_ADD","ticket_id":"TKT-1773651649677-67","client":"c3","train":"T2","tier":"3AC","ts":1773651649.6770551}
{"op":"BOOK_TIER","ticket_id":"TKT-1773651649677-68","client":"c4","train":"T1","tier":"3AC","seat_id":"T1-3A-5","status":"confirmed","ts":1773651649.6777174}
{"op":"WAITLIST_ADD","ticket_id":"TKT-1773651649678-69","client":"c9","train":"T1","tier":"1AC","ts":1773651649.6787298}
{"op":"WAITLIST_ADD","ticket_id":"TKT-1773651649679-70","client":"c7","train":"T2","tier":"1AC","ts":1773651649.6795177}
{"op":"CANCEL_TICKET","ticket_id":"TKT-1773651649671-61","client":"c5","train":"T1","tier":"1AC","seat_id":null,"ts":1773651649.680574}
{"op":"WAITLIST_ADD","ticket_id":"TKT-1773651649681-71","client":"c8","train":"T1","tier":"1AC","ts":1773651649.6815305}
{"op":"WAITLIST_ADD","ticket_id":"TKT-1773651649682-72","client":"c6","train":"T1","tier":"2AC","ts":1773651649.6826177}
{"op":"WAITLIST_ADD","ticket_id":"TKT-1773651649683-73","client":"c0","train":"T1","tier":"3AC","ts":1773651649.6835387}
{"op":"WAITLIST_ADD","ticket_id":"TKT-1773651649684-74","client":"c1","train":"T1","tier":"3AC","ts":1773651649.6847477}
{"op":"WAITLIST_ADD","ticket_id":"TKT-1773651649685-75","client":"c2","train":"T2","tier":"1AC","ts":1773651649.6855292}
{"op":"WAITLIST_ADD","ticket_id":"TKT-1773651649686-76","client":"c3","train":"T2","tier":"3AC","ts":1773651649.6866708}
{"op":"WAITLIST_ADD","ticket_id":"TKT-1773651649687-77","client":"c4","train":"T2","tier":"3AC","ts":1773651649.6876628}
{"op":"WAITLIST_ADD","ticket_id":"TKT-1773651649688-78","client":"c9","train":"T2","tier":"3AC","ts":1773651649.6887245}
{"op":"BOOK_TIER","ticket_id":"TKT-1773651649689-79","client":"c7","train":"T2","tier":"2AC","seat_id":"T2-2B-7","status":"confirmed","ts":1773651649.6898305}
{"op":"WAITLIST_ADD","ticket_id":"TKT-1773651649690-80","client":"c5","train":"T2","tier":"3AC","ts":1773651649.690928}
{"op":"WAITLIST_ADD","ticket_id":"TKT-1773651649692-81","client":"c8","train":"T1","tier":"1AC","ts":1773651649.6920717}
{"op":"WAITLIST_ADD","ticket_id":"TKT-1773651649692-82","client":"c6","train":"T1","tier":"1AC","ts":1773651649.6929164}
{"op":"WAITLIST_ADD","ticket_id":"TKT-1773651649693-83","client":"c0","train":"T2","tier":"3AC","ts":1773651649.6939476}
{"op":"WAITLIST_ADD","ticket_id":"TKT-1773651649694-84","client":"c1","train":"T1","tier":"2AC","ts":1773651649.6949747}
{"op":"WAITLIST_ADD","ticket_id":"TKT-1773651649696-85","client":"c2","train":"T2","tier":"1AC","ts":1773651649.6961808}
{"op":"WAITLIST_ADD","ticket_id":"TKT-1773651649697-86","client":"c3","train":"T1","tier":"3AC","ts":1773651649.6971788}
{"op":"WAITLIST_ADD","ticket_id":"TKT-1773651649698-87","client":"c4","train":"T2","tier":"1AC","ts":1773651649.698223}
{"op":"WAITLIST_ADD","ticket_id":"TKT-1773651649699-88","client":"c9","train":"T2","tier":"3AC","ts":1773651649.6992095}
{"op":"CANCEL_TICKET","ticket_id":"TKT-1773651649689-79","client":"c7","train":"T2","tier":"2AC","seat_id":"T2-2B-7","ts":1773651649.7000484}
{"op":"CANCEL_TICKET","ticket_id":"TKT-1773651649690-80","client":"c5","train":"T2","tier":"3AC","seat_id":null,"ts":1773651649.701296}
{"op":"WAITLIST_ADD","ticket_id":"TKT-1773651649702-89","client":"c8","train":"T1","tier":"2AC","ts":1773651649.7020366}
{"op":"WAITLIST_ADD","ticket_id":"TKT-1773651649703-90","client":"c6","train":"T2","tier":"3AC","ts":1773651649.7031808}
{"op":"BOOK_TIER","ticket_id":"TKT-1773651649703-91","client":"c0","train":"T2","tier":"2AC","seat_id":"T2-2B-7","status":"confirmed","ts":1773651649.7039258}
{"op":"WAITLIST_ADD","ticket_id":"TKT-1773651649705-92","client":"c2","train":"T1","tier":"2AC","ts":1773651649.705301}
{"op":"WAITLIST_ADD","ticket_id":"TKT-1773651649706-93","client":"c3","train":"T2","tier":"3AC","ts":1773651649.7063992}
{"op":"WAITLIST_ADD","ticket_id":"TKT-1773651649707-94","client":"c9","train":"T1","tier":"3AC","ts":1773651649.7074904}
{"op":"WAITLIST_ADD","ticket_id":"TKT-1773651649708-95","client":"c7","train":"T2","tier":"1AC","ts":1773651649.7084692}
{"op":"WAITLIST_ADD","ticket_id":"TKT-1773651649709-96","client":"c5","train":"T1","tier":"3AC","ts":1773651649.7091835}
{"op":"WAITLIST_ADD","ticket_id":"TKT-1773651649710-97","client":"c8","train":"T1","tier":"3AC","ts":1773651649.7100165}
{"op":"WAITLIST_ADD","ticket_id":"TKT-1773651649711-98","client":"c0","train":"T2","tier":"3AC","ts":1773651649.7117114}
{"op":"WAITLIST_ADD","ticket_id":"TKT-1773651649712-99","client":"c2","train":"T2","tier":"1AC","ts":1773651649.7126381}
{"op":"WAITLIST_ADD","ticket_id":"TKT-1773651649714-100","client":"c9","train":"T2","tier":"1AC","ts":1773651649.7140253}
{"op":"WAITLIST_ADD","ticket_id":"TKT-1773651649714-101","client":"c7","train":"T2","tier":"1AC","ts":1773651649.7148662}
{"op":"WAITLIST_ADD","ticket_id":"TKT-1773651649715-102","client":"c5","train":"T2","tier":"3AC","ts":1773651649.7157578}
{"op":"WAITLIST_ADD","ticket_id":"TKT-1773651649717-103","client":"c9","train":"T1","tier":"3AC","ts":1773651649.7172394}
{"op":"WAITLIST_ADD","ticket_id":"TKT-1773651649718-104","client":"c7","train":"T1","tier":"2AC","ts":1773651649.7181304}
{"op":"WAITLIST_ADD","ticket_id":"TKT-1773651649718-105","client":"c5","train":"T1","tier":"2AC","ts":1773651649.7188563}
{"op":"CANCEL_TICKET","ticket_id":"TKT-1773651649717-103","client":"c9","train":"T1","tier":"3AC","seat_id":null,"ts":1773651649.7202108}
{"op":"WAITLIST_ADD","ticket_id":"TKT-1773651961346-106","client":"c0","train":"T1","tier":"2AC","ts":1773651961.3466353}
{"op":"WAITLIST_ADD","ticket_id":"TKT-1773651961348-107","client":"c1","train":"T1","tier":"2AC","ts":1773651961.3489838}
{"op":"WAITLIST_ADD","ticket_id":"TKT-1773651961350-108","client":"c2","train":"T1","tier":"2AC","ts":1773651961.3501961}
{"op":"WAITLIST_ADD","ticket_id":"TKT-1773651961351-109","client":"c3","train":"T2","tier":"1AC","ts":1773651961.3513134}
{"op":"WAITLIST_ADD","ticket_id":"TKT-1773651961352-110","client":"c4","train":"T1","tier":"3AC","ts":1773651961.3524144}
{"op":"WAITLIST_ADD","ticket_id":"TKT-1773651961353-111","client":"c5","train":"T1","tier":"1AC","ts":1773651961.3533394}
{"op":"WAITLIST_ADD","ticket_id":"TKT-1773651961354-112","client":"c6","train":"T1","tier":"1AC","ts":1773651961.354192}
{"op":"WAITLIST_ADD","ticket_id":"TKT-1773651961355-113","client":"c7","train":"T1","tier":"3AC","ts":1773651961.355007}
{"op":"WAITLIST_ADD","ticket_id":"TKT-1773651961356-114","client":"c8","train":"T1","tier":"2AC","ts":1773651961.3560205}
{"op":"WAITLIST_ADD","ticket_id":"TKT-1773651961357-115","client":"c9","train":"T1","tier":"1AC","ts":1773651961.3570786}
{"op":"WAITLIST_ADD","ticket_id":"TKT-1773651961358-116","client":"c0","train":"T1","tier":"1AC","ts":1773651961.3581028}
{"op":"WAITLIST_ADD","ticket_id":"TKT-1773651961359-117","client":"c1","train":"T2","tier":"3AC","ts":1773651961.3595195}
{"op":"BOOK_TIER","ticket_id":"TKT-1773651961360-118","client":"c2","train":"T2","tier":"2AC","seat_id":"T2-2B-8","status":"confirmed","ts":1773651961.3605053}
{"op":"WAITLIST_ADD","ticket_id":"TKT-1773651961361-119","client":"c3","train":"T1","tier":"3AC","ts":1773651961.3619711}
{"op":"WAITLIST_ADD","ticket_id":"TKT-1773651961363-120","client":"c4","train":"T2","tier":"1AC","ts":1773651961.3630269}
{"op":"WAITLIST_ADD","ticket_id":"TKT-1773651961364-121","client":"c5","train":"T2","tier":"3AC","ts":1773651961.3641226}
{"op":"WAITLIST_ADD","ticket_id":"TKT-1773651961365-122","client":"c6","train":"T1","tier":"2AC","ts":1773651961.3652616}
{"op":"CANCEL_TICKET","ticket_id":"TKT-1773651961355-113","client":"c7","train":"T1","tier":"3AC","seat_id":null,"ts":1773651961.366176}
{"op":"CANCEL_TICKET","ticket_id":"TKT-1773651961356-114","client":"c8","train":"T1","tier":"2AC","seat_id":null,"ts":1773651961.367014}
{"op":"WAITLIST_ADD","ticket_id":"TKT-1773651961368-123","client":"c9","train":"T2","tier":"2AC","ts":1773651961.3684595}
{"op":"WAITLIST_ADD","ticket_id":"TKT-1773651961369-124","client":"c0","train":"T1","tier":"1AC","ts":1773651961.3698778}
{"op":"WAITLIST_ADD","ticket_id":"TKT-1773651961370-125","client":"c1","train":"T1","tier":"3AC","ts":1773651961.37086}
{"op":"WAITLIST_ADD","ticket_id":"TKT-1773651961371-126","client":"c2","train":"T2","tier":"3AC","ts":1773651961.3716862}
{"op":"WAITLIST_ADD","ticket_id":"TKT-1773651961372-127","client":"c3","train":"T1","tier":"2AC","ts":1773651961.372506}
{"op":"WAITLIST_ADD","ticket_id":"TKT-1773651961373-128","client":"c4","train":"T1","tier":"3AC","ts":1773651961.3732986}
{"op":"WAITLIST_ADD","ticket_id":"TKT-1773651961374-129","client":"c5","train":"T2","tier":"3AC","ts":1773651961.3740292}
{"op":"WAITLIST_ADD","ticket_id":"TKT-1773651961374-130","client":"c6","train":"T2","tier":"3AC","ts":1773651961.3747425}
{"op":"WAITLIST_ADD","ticket_id":"TKT-1773651961375-131","client":"c7","train":"T2","tier":"1AC","ts":1773651961.3754954}
{"op":"WAITLIST_ADD","ticket_id":"TKT-1773651961376-132","client":"c8","train":"T2","tier":"3AC","ts":1773651961.376292}
{"op":"WAITLIST_ADD","ticket_id":"TKT-1773651961377-133","client":"c9","train":"T1","tier":"3AC","ts":1773651961.3770254}
{"op":"WAITLIST_ADD","ticket_id":"TKT-1773651961377-134","client":"c0","train":"T1","tier":"1AC","ts":1773651961.3777897}
{"op":"WAITLIST_ADD","ticket_id":"TKT-1773651961378-135","client":"c1","train":"T1","tier":"1AC","ts":1773651961.3785422}
{"op":"WAITLIST_ADD","ticket_id":"TKT-1773651961379-136","client":"c2","train":"T1","tier":"1AC","ts":1773651961.3794525}
{"op":"WAITLIST_ADD","ticket_id":"TKT-1773651961380-137","client":"c3","train":"T1","tier":"1AC","ts":1773651961.3802478}
{"op":"WAITLIST_ADD","ticket_id":"TKT-1773651961380-138","client":"c4","train":"T1","tier":"3AC","ts":1773651961.3809206}
{"op":"WAITLIST_ADD","ticket_id":"TKT-1773651961381-139","client":"c5","train":"T2","tier":"1AC","ts":1773651961.3815548}
{"op":"WAITLIST_ADD","ticket_id":"TKT-1773651961382-140","client":"c6","train":"T2","tier":"1AC","ts":1773651961.3822103}
{"op":"WAITLIST_ADD","ticket_id":"TKT-1773651961382-141","client":"c7","train":"T1","tier":"1AC","ts":1773651961.382873}
{"op":"WAITLIST_ADD","ticket_id":"TKT-1773651961383-142","client":"c8","train":"T2","tier":"3AC","ts":1773651961.3836339}
{"op":"WAITLIST_ADD","ticket_id":"TKT-1773651961384-143","client":"c9","train":"T2","tier":"1AC","ts":1773651961.384364}
{"op":"WAITLIST_ADD","ticket_id":"TKT-1773651961384-144","client":"c0","train":"T2","tier":"1AC","ts":1773651961.3849912}
{"op":"CANCEL_TICKET","ticket_id":"TKT-1773651961378-135","client":"c1","train":"T1","tier":"1AC","seat_id":null,"ts":1773651961.3858714}
{"op":"WAITLIST_ADD","ticket_id":"TKT-1773651961386-145","client":"c2","train":"T2","tier":"2AC","ts":1773651961.3865018}
{"op":"WAITLIST_ADD","ticket_id":"TKT-1773651961387-146","client":"c3","train":"T2","tier":"1AC","ts":1773651961.387109}
{"op":"WAITLIST_ADD","ticket_id":"TKT-1773651961387-147","client":"c4","train":"T1","tier":"2AC","ts":1773651961.387741}
{"op":"WAITLIST_ADD","ticket_id":"TKT-1773651961388-148","client":"c5","train":"T2","tier":"1AC","ts":1773651961.388352}
{"op":"WAITLIST_ADD","ticket_id":"TKT-1773651961388-149","client":"c6","train":"T2","tier":"2AC","ts":1773651961.3889787}
{"op":"WAITLIST_ADD","ticket_id":"TKT-1773651961389-150","client":"c7","train":"T2","tier":"2AC","ts":1773651961.389672}
{"op":"WAITLIST_ADD","ticket_id":"TKT-1773651961390-151","client":"c8","train":"T1","tier":"1AC","ts":1773651961.3904462}
{"op":"WAITLIST_ADD","ticket_id":"TKT-1773651961391-152","client":"c9","train":"T1","tier":"2AC","ts":1773651961.3910947}
{"op":"WAITLIST_ADD","ticket_id":"TKT-1773651961391-153","client":"c0","train":"T2","tier":"2AC","ts":1773651961.3917143}
{"op":"WAITLIST_ADD","ticket_id":"TKT-1773651961392-154","client":"c1","train":"T1","tier":"2AC","ts":1773651961.3923209}
{"op":"WAITLIST_ADD","ticket_id":"TKT-1773651961392-155","client":"c2","train":"T2","tier":"3AC","ts":1773651961.3929691}
{"op":"WAITLIST_ADD","ticket_id":"TKT-1773651961393-156","client":"c3","train":"T1","tier":"3AC","ts":1773651961.3936102}
{"op":"WAITLIST_ADD","ticket_id":"TKT-1773651961394-157","client":"c4","train":"T1","tier":"1AC","ts":1773651961.394285}
{"op":"WAITLIST_ADD","ticket_id":"TKT-1773651961395-158","client":"c5","train":"T1","tier":"3AC","ts":1773651961.3953476}
{"op":"WAITLIST_ADD","ticket_id":"TKT-1773651961396-159","client":"c6","train":"T2","tier":"2AC","ts":1773651961.3963182}
{"op":"WAITLIST_ADD","ticket_id":"TKT-1773651961397-160","client":"c7","train":"T2","tier":"3AC","ts":1773651961.3971608}
{"op":"WAITLIST_ADD","ticket_id":"TKT-1773651961398-161","client":"c8","train":"T2","tier":"3AC","ts":1773651961.3980722}
{"op":"WAITLIST_ADD","ticket_id":"TKT-1773651961398-162","client":"c9","train":"T1","tier":"2AC","ts":1773651961.3987496}
{"op":"WAITLIST_ADD","ticket_id":"TKT-1773651961399-163","client":"c0","train":"T2","tier":"3AC","ts":1773651961.3994765}
{"op":"WAITLIST_ADD","ticket_id":"TKT-1773651961400-164","client":"c1","train":"T2","tier":"1AC","ts":1773651961.4002488}
{"op":"WAITLIST_ADD","ticket_id":"TKT-1773651961401-165","client":"c2","train":"T1","tier":"1AC","ts":1773651961.4010131}
{"op":"WAITLIST_ADD","ticket_id":"TKT-1773651961401-166","client":"c3","train":"T2","tier":"1AC","ts":1773651961.4016998}
{"op":"WAITLIST_ADD","ticket_id":"TKT-1773651961402-167","client":"c4","train":"T1","tier":"1AC","ts":1773651961.4023936}
{"op":"WAITLIST_ADD","ticket_id":"TKT-1773651961403-168","client":"c5","train":"T1","tier":"2AC","ts":1773651961.4031434}
{"op":"WAITLIST_ADD","ticket_id":"TKT-1773651961403-169","client":"c6","train":"T2","tier":"2AC","ts":1773651961.4039645}
{"op":"WAITLIST_ADD","ticket_id":"TKT-1773651961404-170","client":"c7","train":"T2","tier":"3AC","ts":1773651961.404626}
{"op":"WAITLIST_ADD","ticket_id":"TKT-1773651961405-171","client":"c8","train":"T2","tier":"3AC","ts":1773651961.4052901}
{"op":"WAITLIST_ADD","ticket_id":"TKT-1773651961405-172","client":"c9","train":"T1","tier":"3AC","ts":1773651961.4059772}
{"op":"CANCEL_TICKET","ticket_id":"TKT-1773651961399-163","client":"c0","train":"T2","tier":"3AC","seat_id":null,"ts":1773651961.4066374}
{"op":"WAITLIST_ADD","ticket_id":"TKT-1773651961407-173","client":"c1","train":"T2","tier":"2AC","ts":1773651961.407267}
{"op":"WAITLIST_ADD","ticket_id":"TKT-1773651961407-174","client":"c2","train":"T1","tier":"3AC","ts":1773651961.407884}
{"op":"WAITLIST_ADD","ticket_id":"TKT-1773651961408-175","client":"c3","train":"T1","tier":"2AC","ts":1773651961.4084966}
{"op":"WAITLIST_ADD","ticket_id":"TKT-1773651961409-176","client":"c4","train":"T2","tier":"1AC","ts":1773651961.4092195}
{"op":"WAITLIST_ADD","ticket_id":"TKT-1773651961409-177","client":"c5","train":"T2","tier":"1AC","ts":1773651961.4099867}
{"op":"WAITLIST_ADD","ticket_id":"TKT-1773651961410-178","client":"c6","train":"T2","tier":"3AC","ts":1773651961.4106464}
{"op":"WAITLIST_ADD","ticket_id":"TKT-1773651961411-179","client":"c7","train":"T2","tier":"2AC","ts":1773651961.4112835}
{"op":"CANCEL_TICKET","ticket_id":"TKT-1773651961405-171","client":"c8","train":"T2","tier":"3AC","seat_id":null,"ts":1773651961.4124012}
{"op":"WAITLIST_ADD","ticket_id":"TKT-1773651961413-180","client":"c9","train":"T2","tier":"1AC","ts":1773651961.4131894}
{"op":"WAITLIST_ADD","ticket_id":"TKT-1773651961413-181","client":"c0","train":"T2","tier":"2AC","ts":1773651961.4139094}
{"op":"CANCEL_TICKET","ticket_id":"TKT-1773651961407-173","client":"c1","train":"T2","tier":"2AC","seat_id":null,"ts":1773651961.414647}
{"op":"WAITLIST_ADD","ticket_id":"TKT-1773651961415-182","client":"c2","train":"T2","tier":"3AC","ts":1773651961.4153168}
{"op":"WAITLIST_ADD","ticket_id":"TKT-1773651961416-183","client":"c3","train":"T2","tier":"3AC","ts":1773651961.4160585}
{"op":"WAITLIST_ADD","ticket_id":"TKT-1773651961416-184","client":"c4","train":"T2","tier":"1AC","ts":1773651961.4168575}
{"op":"WAITLIST_ADD","ticket_id":"TKT-1773651961417-185","client":"c5","train":"T2","tier":"1AC","ts":1773651961.417525}
{"op":"WAITLIST_ADD","ticket_id":"TKT-1773651961418-186","client":"c6","train":"T2","tier":"1AC","ts":1773651961.4181702}
{"op":"WAITLIST_ADD","ticket_id":"TKT-1773651961418-187","client":"c7","train":"T2","tier":"1AC","ts":1773651961.41879}
{"op":"WAITLIST_ADD","ticket_id":"TKT-1773651961419-188","client":"c8","train":"T1","tier":"3AC","ts":1773651961.4195843}
{"op":"WAITLIST_ADD","ticket_id":"TKT-1773651961420-189","client":"c9","train":"T1","tier":"2AC","ts":1773651961.4202378}
{"op":"WAITLIST_ADD","ticket_id":"TKT-1773651961420-190","client":"c0","train":"T2","tier":"3AC","ts":1773651961.4208386}
{"op":"WAITLIST_ADD","ticket_id":"TKT-1773651961421-191","client":"c1","train":"T2","tier":"3AC","ts":1773651961.4214482}
{"op":"WAITLIST_ADD","ticket_id":"TKT-1773651961422-192","client":"c2","train":"T1","tier":"3AC","ts":1773651961.4221277}
{"op":"WAITLIST_ADD","ticket_id":"TKT-1773651961422-193","client":"c3","train":"T1","tier":"2AC","ts":1773651961.4228904}
{"op":"WAITLIST_ADD","ticket_id":"TKT-1773651961423-194","client":"c4","train":"T2","tier":"3AC","ts":1773651961.4235377}
{"op":"CANCEL_TICKET","ticket_id":"TKT-1773651961417-185","client":"c5","train":"T2","tier":"1AC","seat_id":null,"ts":1773651961.4241648}
{"op":"WAITLIST_ADD","ticket_id":"TKT-1773651961424-195","client":"c6","train":"T2","tier":"2AC","ts":1773651961.4247591}
{"op":"WAITLIST_ADD","ticket_id":"TKT-1773651961425-196","client":"c7","train":"T1","tier":"2AC","ts":1773651961.42535}
{"op":"WAITLIST_ADD","ticket_id":"TKT-1773651961425-197","client":"c8","train":"T1","tier":"3AC","ts":1773651961.4259562}
{"op":"WAITLIST_ADD","ticket_id":"TKT-1773651961426-198","client":"c9","train":"T1","tier":"3AC","ts":1773651961.426583}
{"op":"WAITLIST_ADD","ticket_id":"TKT-1773651961427-199","client":"c0","train":"T2","tier":"1AC","ts":1773651961.4271965}
{"op":"CANCEL_TICKET","ticket_id":"TKT-1773651961421-191","client":"c1","train":"T2","tier":"3AC","seat_id":null,"ts":1773651961.427891}
{"op":"CANCEL_TICKET","ticket_id":"TKT-1773651961422-192","client":"c2","train":"T1","tier":"3AC","seat_id":null,"ts":1773651961.4290266}
{"op":"WAITLIST_ADD","ticket_id":"TKT-1773651961430-200","client":"c5","train":"T2","tier":"2AC","ts":1773651961.4307115}
{"op":"WAITLIST_ADD","ticket_id":"TKT-1773651961431-201","client":"c7","train":"T2","tier":"2AC","ts":1773651961.4315963}
{"op":"WAITLIST_ADD","ticket_id":"TKT-1773651961432-202","client":"c8","train":"T1","tier":"2AC","ts":1773651961.432275}
{"op":"WAITLIST_ADD","ticket_id":"TKT-1773651961433-203","client":"c1","train":"T1","tier":"2AC","ts":1773651961.4335828}
{"op":"WAITLIST_ADD","ticket_id":"TKT-1773651961434-204","client":"c8","train":"T1","tier":"2AC","ts":1773651961.4346778}
{"op":"WAITLIST_ADD","ticket_id":"TKT-1773651961435-205","client":"c1","train":"T1","tier":"1AC","ts":1773651961.4357939}
{"op":"WAITLIST_ADD","ticket_id":"TKT-1773651970574-206","client":"c0","train":"T2","tier":"1AC","ts":1773651970.5743437}
{"op":"WAITLIST_ADD","ticket_id":"TKT-1773651970576-207","client":"c1","train":"T1","tier":"1AC","ts":1773651970.576192}
{"op":"WAITLIST_ADD","ticket_id":"TKT-1773651970577-208","client":"c2","train":"T2","tier":"1AC","ts":1773651970.5771832}
{"op":"WAITLIST_ADD","ticket_id":"TKT-1773651970579-209","client":"c3","train":"T1","tier":"1AC","ts":1773651970.5797412}
{"op":"WAITLIST_ADD","ticket_id":"TKT-1773651970581-210","client":"c4","train":"T1","tier":"2AC","ts":1773651970.581014}
{"op":"WAITLIST_ADD","ticket_id":"TKT-1773651970582-211","client":"c5","train":"T1","tier":"2AC","ts":1773651970.5821025}
{"op":"WAITLIST_ADD","ticket_id":"TKT-1773651970583-212","client":"c6","train":"T1","tier":"1AC","ts":1773651970.5837739}
{"op":"WAITLIST_ADD","ticket_id":"TKT-1773651970585-213","client":"c7","train":"T2","tier":"3AC","ts":1773651970.585493}
{"op":"WAITLIST_ADD","ticket_id":"TKT-1773651970586-214","client":"c8","train":"T1","tier":"1AC","ts":1773651970.5864854}
{"op":"WAITLIST_ADD","ticket_id":"TKT-1773651970587-215","client":"c9","train":"T1","tier":"2AC","ts":1773651970.5876205}
{"op":"WAITLIST_ADD","ticket_id":"TKT-1773651970588-216","client":"c0","train":"T2","tier":"1AC","ts":1773651970.5888586}
{"op":"CANCEL_TICKET","ticket_id":"TKT-1773651970576-207","client":"c1","train":"T1","tier":"1AC","seat_id":null,"ts":1773651970.590025}
{"op":"WAITLIST_ADD","ticket_id":"TKT-1773651970591-217","client":"c2","train":"T2","tier":"1AC","ts":1773651970.5912359}
{"op":"WAITLIST_ADD","ticket_id":"TKT-1773651970592-218","client":"c3","train":"T2","tier":"1AC","ts":1773651970.5921361}
{"op":"WAITLIST_ADD","ticket_id":"TKT-1773651970593-219","client":"c4","train":"T2","tier":"3AC","ts":1773651970.5933676}
{"op":"WAITLIST_ADD","ticket_id":"TKT-1773651970594-220","client":"c5","train":"T2","tier":"2AC","ts":1773651970.594909}
{"op":"WAITLIST_ADD","ticket_id":"TKT-1773651970596-221","client":"c6","train":"T2","tier":"2AC","ts":1773651970.5967436}
{"op":"WAITLIST_ADD","ticket_id":"TKT-1773651970598-222","client":"c7","train":"T2","tier":"2AC","ts":1773651970.598264}
{"op":"WAITLIST_ADD","ticket_id":"TKT-1773651970609-223","client":"c8","train":"T2","tier":"3AC","ts":1773651970.6096632}
{"op":"WAITLIST_ADD","ticket_id":"TKT-1773651970612-224","client":"c9","train":"T1","tier":"3AC","ts":1773651970.612292}
{"op":"WAITLIST_ADD","ticket_id":"TKT-1773651970613-225","client":"c0","train":"T1","tier":"2AC","ts":1773651970.6136417}
{"op":"WAITLIST_ADD","ticket_id":"TKT-1773651970614-226","client":"c1","train":"T2","tier":"1AC","ts":1773651970.6145868}
{"op":"WAITLIST_ADD","ticket_id":"TKT-1773651970615-227","client":"c2","train":"T1","tier":"1AC","ts":1773651970.6154008}
{"op":"WAITLIST_ADD","ticket_id":"TKT-1773651970616-228","client":"c3","train":"T1","tier":"1AC","ts":1773651970.6161542}
{"op":"WAITLIST_ADD","ticket_id":"TKT-1773651970616-229","client":"c4","train":"T2","tier":"2AC","ts":1773651970.6169646}
{"op":"WAITLIST_ADD","ticket_id":"TKT-1773651970617-230","client":"c5","train":"T2","tier":"3AC","ts":1773651970.6179001}
{"op":"WAITLIST_ADD","ticket_id":"TKT-1773651970618-231","client":"c6","train":"T2","tier":"3AC","ts":1773651970.6188865}
{"op":"WAITLIST_ADD","ticket_id":"TKT-1773651970619-232","client":"c7","train":"T1","tier":"1AC","ts":1773651970.6199913}
{"op":"WAITLIST_ADD","ticket_id":"TKT-1773651970621-233","client":"c8","train":"T1","tier":"1AC","ts":1773651970.621444}
{"op":"WAITLIST_ADD","ticket_id":"TKT-1773651970622-234","client":"c9","train":"T1","tier":"2AC","ts":1773651970.6225164}
{"op":"WAITLIST_ADD","ticket_id":"TKT-1773651970623-235","client":"c0","train":"T2","tier":"3AC","ts":1773651970.6236188}
{"op":"WAITLIST_ADD","ticket_id":"TKT-1773651970624-236","client":"c1","train":"T2","tier":"2AC","ts":1773651970.6246843}
{"op":"WAITLIST_ADD","ticket_id":"TKT-1773651970625-237","client":"c2","train":"T1","tier":"1AC","ts":1773651970.62592}
{"op":"WAITLIST_ADD","ticket_id":"TKT-1773651970627-238","client":"c3","train":"T1","tier":"3AC","ts":1773651970.6273243}
{"op":"WAITLIST_ADD","ticket_id":"TKT-1773651970628-239","client":"c4","train":"T1","tier":"2AC","ts":1773651970.6284068}
{"op":"CANCEL_TICKET","ticket_id":"TKT-1773651970617-230","client":"c5","train":"T2","tier":"3AC","seat_id":null,"ts":1773651970.6296935}
{"op":"WAITLIST_ADD","ticket_id":"TKT-1773651970631-240","client":"c6","train":"T1","tier":"1AC","ts":1773651970.6315727}
{"op":"WAITLIST_ADD","ticket_id":"TKT-1773651970633-241","client":"c7","train":"T1","tier":"1AC","ts":1773651970.633025}
{"op":"WAITLIST_ADD","ticket_id":"TKT-1773651970633-242","client":"c8","train":"T1","tier":"1AC","ts":1773651970.633962}
{"op":"WAITLIST_ADD","ticket_id":"TKT-1773651970634-243","client":"c9","train":"T1","tier":"3AC","ts":1773651970.6346822}
{"op":"WAITLIST_ADD","ticket_id":"TKT-1773651970635-244","client":"c0","train":"T1","tier":"3AC","ts":1773651970.6353586}
{"op":"WAITLIST_ADD","ticket_id":"TKT-1773651970636-245","client":"c1","train":"T2","tier":"3AC","ts":1773651970.6363275}
{"op":"WAITLIST_ADD","ticket_id":"TKT-1773651970637-246","client":"c2","train":"T2","tier":"2AC","ts":1773651970.6370711}
{"op":"WAITLIST_ADD","ticket_id":"TKT-1773651970637-247","client":"c3","train":"T1","tier":"1AC","ts":1773651970.6377227}
{"op":"WAITLIST_ADD","ticket_id":"TKT-1773651970638-248","client":"c4","train":"T1","tier":"2AC","ts":1773651970.6386025}
{"op":"WAITLIST_ADD","ticket_id":"TKT-1773651970639-249","client":"c5","train":"T1","tier":"2AC","ts":1773651970.6394129}
{"op":"WAITLIST_ADD","ticket_id":"TKT-1773651970640-250","client":"c6","train":"T2","tier":"1AC","ts":1773651970.640377}
{"op":"CANCEL_TICKET","ticket_id":"TKT-1773651970633-241","client":"c7","train":"T1","tier":"1AC","seat_id":null,"ts":1773651970.6411605}
{"op":"WAITLIST_ADD","ticket_id":"TKT-1773651970642-251","client":"c8","train":"T2","tier":"1AC","ts":1773651970.6422448}
{"op":"WAITLIST_ADD","ticket_id":"TKT-1773651970643-252","client":"c9","train":"T2","tier":"2AC","ts":1773651970.6432996}
{"op":"WAITLIST_ADD","ticket_id":"TKT-1773651970644-253","client":"c0","train":"T2","tier":"1AC","ts":1773651970.6448438}
{"op":"CANCEL_TICKET","ticket_id":"TKT-1773651970636-245","client":"c1","train":"T2","tier":"3AC","seat_id":null,"ts":1773651970.6458735}
{"op":"WAITLIST_ADD","ticket_id":"TKT-1773651970647-254","client":"c2","train":"T1","tier":"1AC","ts":1773651970.647396}
{"op":"WAITLIST_ADD","ticket_id":"TKT-1773651970649-255","client":"c3","train":"T2","tier":"3AC","ts":1773651970.6492047}
{"op":"WAITLIST_ADD","ticket_id":"TKT-1773651970650-256","client":"c4","train":"T1","tier":"2AC","ts":1773651970.6507363}
{"op":"WAITLIST_ADD","ticket_id":"TKT-1773651970652-257","client":"c5","train":"T1","tier":"1AC","ts":1773651970.6525128}
{"op":"WAITLIST_ADD","ticket_id":"TKT-1773651970654-258","client":"c6","train":"T2","tier":"3AC","ts":1773651970.654472}
{"op":"WAITLIST_ADD","ticket_id":"TKT-1773651970655-259","client":"c7","train":"T1","tier":"1AC","ts":1773651970.655941}
{"op":"CANCEL_TICKET","ticket_id":"TKT-1773651970642-251","client":"c8","train":"T2","tier":"1AC","seat_id":null,"ts":1773651970.6571498}
{"op":"WAITLIST_ADD","ticket_id":"TKT-1773651970658-260","client":"c9","train":"T2","tier":"1AC","ts":1773651970.6585014}
{"op":"WAITLIST_ADD","ticket_id":"TKT-1773651970659-261","client":"c0","train":"T1","tier":"1AC","ts":1773651970.6598349}
{"op":"WAITLIST_ADD","ticket_id":"TKT-1773651970661-262","client":"c1","train":"T1","tier":"1AC","ts":1773651970.66132}
{"op":"WAITLIST_ADD","ticket_id":"TKT-1773651970662-263","client":"c2","train":"T2","tier":"1AC","ts":1773651970.662235}
{"op":"WAITLIST_ADD","ticket_id":"TKT-1773651970663-264","client":"c3","train":"T1","tier":"3AC","ts":1773651970.6631973}
{"op":"WAITLIST_ADD","ticket_id":"TKT-1773651970664-265","client":"c4","train":"T2","tier":"2AC","ts":1773651970.6645346}
{"op":"CANCEL_TICKET","ticket_id":"TKT-1773651970652-257","client":"c5","train":"T1","tier":"1AC","seat_id":null,"ts":1773651970.6657746}
{"op":"WAITLIST_ADD","ticket_id":"TKT-1773651970667-266","client":"c6","train":"T1","tier":"1AC","ts":1773651970.6673326}
{"op":"WAITLIST_ADD","ticket_id":"TKT-1773651970668-267","client":"c7","train":"T1","tier":"3AC","ts":1773651970.6686947}
{"op":"WAITLIST_ADD","ticket_id":"TKT-1773651970669-268","client":"c8","train":"T2","tier":"1AC","ts":1773651970.669859}
{"op":"WAITLIST_ADD","ticket_id":"TKT-1773651970670-269","client":"c9","train":"T1","tier":"2AC","ts":1773651970.670951}
{"op":"WAITLIST_ADD","ticket_id":"TKT-1773651970672-270","client":"c0","train":"T2","tier":"2AC","ts":1773651970.6721148}
{"op":"WAITLIST_ADD","ticket_id":"TKT-1773651970673-271","client":"c1","train":"T1","tier":"1AC","ts":1773651970.6731763}
{"op":"CANCEL_TICKET","ticket_id":"TKT-1773651970662-263","client":"c2","train":"T2","tier":"1AC","seat_id":null,"ts":1773651970.674293}
{"op":"WAITLIST_ADD","ticket_id":"TKT-1773651970675-272","client":"c3","train":"T2","tier":"2AC","ts":1773651970.6754405}
{"op":"WAITLIST_ADD","ticket_id":"TKT-1773651970676-273","client":"c4","train":"T2","tier":"3AC","ts":1773651970.6769536}
{"op":"WAITLIST_ADD","ticket_id":"TKT-1773651970677-274","client":"c5","train":"T1","tier":"1AC","ts":1773651970.6779006}
{"op":"WAITLIST_ADD","ticket_id":"TKT-1773651970679-275","client":"c6","train":"T1","tier":"2AC","ts":1773651970.6790974}
{"op":"WAITLIST_ADD","ticket_id":"TKT-1773651970680-276","client":"c7","train":"T2","tier":"3AC","ts":1773651970.680588}
{"op":"WAITLIST_ADD","ticket_id":"TKT-1773651970682-277","client":"c8","train":"T2","tier":"2AC","ts":1773651970.6820598}
{"op":"WAITLIST_ADD","ticket_id":"TKT-1773651970683-278","client":"c9","train":"T1","tier":"3AC","ts":1773651970.6834588}
{"op":"WAITLIST_ADD","ticket_id":"TKT-1773651970684-279","client":"c0","train":"T1","tier":"1AC","ts":1773651970.6845763}
{"op":"WAITLIST_ADD","ticket_id":"TKT-1773651970686-280","client":"c1","train":"T1","tier":"1AC","ts":1773651970.6861148}
{"op":"WAITLIST_ADD","ticket_id":"TKT-1773651970687-281","client":"c2","train":"T2","tier":"2AC","ts":1773651970.6871738}
{"op":"WAITLIST_ADD","ticket_id":"TKT-1773651970688-282","client":"c3","train":"T1","tier":"3AC","ts":1773651970.6882396}
{"op":"WAITLIST_ADD","ticket_id":"TKT-1773651970689-283","client":"c4","train":"T1","tier":"1AC","ts":1773651970.6896458}
{"op":"WAITLIST_ADD","ticket_id":"TKT-1773651970691-284","client":"c5","train":"T1","tier":"3AC","ts":1773651970.6910522}
{"op":"WAITLIST_ADD","ticket_id":"TKT-1773651970692-285","client":"c6","train":"T2","tier":"2AC","ts":1773651970.6921875}
{"op":"WAITLIST_ADD","ticket_id":"TKT-1773651970693-286","client":"c7","train":"T1","tier":"3AC","ts":1773651970.6930618}
{"op":"WAITLIST_ADD","ticket_id":"TKT-1773651970694-287","client":"c8","train":"T2","tier":"3AC","ts":1773651970.6946275}
{"op":"WAITLIST_ADD","ticket_id":"TKT-1773651970695-288","client":"c9","train":"T2","tier":"2AC","ts":1773651970.6955984}
{"op":"CANCEL_TICKET","ticket_id":"TKT-1773651970684-279","client":"c0","train":"T1","tier":"1AC","seat_id":null,"ts":1773651970.6968474}
{"op":"WAITLIST_ADD","ticket_id":"TKT-1773651970698-289","client":"c1","train":"T1","tier":"3AC","ts":1773651970.6981206}
{"op":"WAITLIST_ADD","ticket_id":"TKT-1773651970699-290","client":"c2","train":"T1","tier":"1AC","ts":1773651970.6993606}
{"op":"WAITLIST_ADD","ticket_id":"TKT-1773651970700-291","client":"c3","train":"T2","tier":"1AC","ts":1773651970.7008224}
{"op":"WAITLIST_ADD","ticket_id":"TKT-1773651970702-292","client":"c4","train":"T1","tier":"1AC","ts":1773651970.7021837}
{"op":"WAITLIST_ADD","ticket_id":"TKT-1773651970703-293","client":"c5","train":"T1","tier":"2AC","ts":1773651970.7033226}
{"op":"WAITLIST_ADD","ticket_id":"TKT-1773651970704-294","client":"c6","train":"T1","tier":"2AC","ts":1773651970.704703}
{"op":"CANCEL_TICKET","ticket_id":"TKT-1773651970693-286","client":"c7","train":"T1","tier":"3AC","seat_id":null,"ts":1773651970.7058704}
{"op":"WAITLIST_ADD","ticket_id":"TKT-1773651970707-295","client":"c8","train":"T1","tier":"3AC","ts":1773651970.707051}
{"op":"WAITLIST_ADD","ticket_id":"TKT-1773651970708-296","client":"c9","train":"T2","tier":"1AC","ts":1773651970.7083385}
{"op":"WAITLIST_ADD","ticket_id":"TKT-1773651970709-297","client":"c0","train":"T1","tier":"1AC","ts":1773651970.709205}
{"op":"WAITLIST_ADD","ticket_id":"TKT-1773651970710-298","client":"c1","train":"T2","tier":"2AC","ts":1773651970.7105103}
{"op":"WAITLIST_ADD","ticket_id":"TKT-1773651970712-299","client":"c2","train":"T1","tier":"2AC","ts":1773651970.7123868}
{"op":"WAITLIST_ADD","ticket_id":"TKT-1773651970713-300","client":"c5","train":"T2","tier":"3AC","ts":1773651970.71389}
{"op":"WAITLIST_ADD","ticket_id":"TKT-1773651970715-301","client":"c7","train":"T1","tier":"1AC","ts":1773651970.7155583}
{"op":"WAITLIST_ADD","ticket_id":"TKT-1773651970716-302","client":"c8","train":"T2","tier":"2AC","ts":1773651970.7169197}
{"op":"WAITLIST_ADD","ticket_id":"TKT-1773651970719-303","client":"c1","train":"T2","tier":"1AC","ts":1773651970.7194529}
{"op":"CANCEL_TICKET","ticket_id":"TKT-1773651970713-300","client":"c5","train":"T2","tier":"3AC","seat_id":null,"ts":1773651970.721074}
{"op":"WAITLIST_ADD","ticket_id":"TKT-1773651970722-304","client":"c7","train":"T2","tier":"3AC","ts":1773651970.7226062}
{"op":"WAITLIST_ADD","ticket_id":"TKT-1773651970724-305","client":"c5","train":"T2","tier":"3AC","ts":1773651970.7247815}
{"op":"WAITLIST_ADD","ticket_id":"TKT-1773651980486-306","client":"c0","train":"T1","tier":"1AC","ts":1773651980.4860764}
{"op":"WAITLIST_ADD","ticket_id":"TKT-1773651980487-307","client":"c1","train":"T2","tier":"1AC","ts":1773651980.487963}
{"op":"WAITLIST_ADD","ticket_id":"TKT-1773651980489-308","client":"c7","train":"T2","tier":"1AC","ts":1773651980.489287}
{"op":"WAITLIST_ADD","ticket_id":"TKT-1773651980490-309","client":"c2","train":"T2","tier":"1AC","ts":1773651980.4906685}
{"op":"WAITLIST_ADD","ticket_id":"TKT-1773651980491-310","client":"c3","train":"T1","tier":"1AC","ts":1773651980.4915385}
{"op":"WAITLIST_ADD","ticket_id":"TKT-1773651980492-311","client":"c4","train":"T2","tier":"3AC","ts":1773651980.4926553}
{"op":"WAITLIST_ADD","ticket_id":"TKT-1773651980493-312","client":"c5","train":"T2","tier":"1AC","ts":1773651980.493809}
{"op":"WAITLIST_ADD","ticket_id":"TKT-1773651980495-313","client":"c6","train":"T2","tier":"1AC","ts":1773651980.4954963}
{"op":"WAITLIST_ADD","ticket_id":"TKT-1773651980497-314","client":"c8","train":"T1","tier":"3AC","ts":1773651980.4971213}
{"op":"WAITLIST_ADD","ticket_id":"TKT-1773651980498-315","client":"c0","train":"T1","tier":"1AC","ts":1773651980.4988136}
{"op":"WAITLIST_ADD","ticket_id":"TKT-1773651980500-316","client":"c9","train":"T2","tier":"1AC","ts":1773651980.5000901}
{"op":"WAITLIST_ADD","ticket_id":"TKT-1773651980501-317","client":"c1","train":"T2","tier":"3AC","ts":1773651980.5011554}
{"op":"WAITLIST_ADD","ticket_id":"TKT-1773651980502-318","client":"c7","train":"T1","tier":"3AC","ts":1773651980.5021837}
{"op":"WAITLIST_ADD","ticket_id":"TKT-1773651980503-319","client":"c2","train":"T1","tier":"2AC","ts":1773651980.503399}
{"op":"WAITLIST_ADD","ticket_id":"TKT-1773651980504-320","client":"c3","train":"T2","tier":"1AC","ts":1773651980.5045018}
{"op":"CANCEL_TICKET","ticket_id":"TKT-1773651980492-311","client":"c4","train":"T2","tier":"3AC","seat_id":null,"ts":1773651980.5055315}
{"op":"WAITLIST_ADD","ticket_id":"TKT-1773651980506-321","client":"c5","train":"T1","tier":"3AC","ts":1773651980.506497}
{"op":"WAITLIST_ADD","ticket_id":"TKT-1773651980507-322","client":"c6","train":"T2","tier":"3AC","ts":1773651980.5074222}
{"op":"WAITLIST_ADD","ticket_id":"TKT-1773651980508-323","client":"c8","train":"T1","tier":"3AC","ts":1773651980.5088246}
{"op":"WAITLIST_ADD","ticket_id":"TKT-1773651980509-324","client":"c0","train":"T1","tier":"1AC","ts":1773651980.5097926}
{"op":"WAITLIST_ADD","ticket_id":"TKT-1773651980510-325","client":"c9","train":"T1","tier":"1AC","ts":1773651980.5107493}
{"op":"WAITLIST_ADD","ticket_id":"TKT-1773651980511-326","client":"c1","train":"T2","tier":"2AC","ts":1773651980.5119796}
{"op":"WAITLIST_ADD","ticket_id":"TKT-1773651980513-327","client":"c7","train":"T1","tier":"3AC","ts":1773651980.5131776}
{"op":"WAITLIST_ADD","ticket_id":"TKT-1773651980514-328","client":"c2","train":"T2","tier":"3AC","ts":1773651980.514401}
{"op":"WAITLIST_ADD","ticket_id":"TKT-1773651980515-329","client":"c3","train":"T2","tier":"3AC","ts":1773651980.515586}
{"op":"WAITLIST_ADD","ticket_id":"TKT-1773651980516-330","client":"c4","train":"T1","tier":"3AC","ts":1773651980.5164516}
{"op":"WAITLIST_ADD","ticket_id":"TKT-1773651980517-331","client":"c5","train":"T2","tier":"1AC","ts":1773651980.5175247}
{"op":"CANCEL_TICKET","ticket_id":"TKT-1773651980507-322","client":"c6","train":"T2","tier":"3AC","seat_id":null,"ts":1773651980.5185337}
{"op":"WAITLIST_ADD","ticket_id":"TKT-1773651980519-332","client":"c8","train":"T2","tier":"1AC","ts":1773651980.5197294}
{"op":"WAITLIST_ADD","ticket_id":"TKT-1773651980520-333","client":"c0","train":"T2","tier":"1AC","ts":1773651980.520745}
{"op":"WAITLIST_ADD","ticket_id":"TKT-1773651980521-334","client":"c9","train":"T1","tier":"1AC","ts":1773651980.5216343}
{"op":"WAITLIST_ADD","ticket_id":"TKT-1773651980522-335","client":"c1","train":"T1","tier":"1AC","ts":1773651980.5226552}
{"op":"WAITLIST_ADD","ticket_id":"TKT-1773651980523-336","client":"c7","train":"T2","tier":"3AC","ts":1773651980.523606}
{"op":"WAITLIST_ADD","ticket_id":"TKT-1773651980524-337","client":"c2","train":"T1","tier":"2AC","ts":1773651980.5245233}
{"op":"WAITLIST_ADD","ticket_id":"TKT-1773651980525-338","client":"c3","train":"T2","tier":"3AC","ts":1773651980.5254912}
{"op":"WAITLIST_ADD","ticket_id":"TKT-1773651980526-339","client":"c4","train":"T1","tier":"3AC","ts":1773651980.5263662}
{"op":"WAITLIST_ADD","ticket_id":"TKT-1773651980527-340","client":"c5","train":"T1","tier":"1AC","ts":1773651980.527314}
{"op":"WAITLIST_ADD","ticket_id":"TKT-1773651980529-341","client":"c6","train":"T2","tier":"1AC","ts":1773651980.5290098}
{"op":"WAITLIST_ADD","ticket_id":"TKT-1773651980530-342","client":"c8","train":"T2","tier":"1AC","ts":1773651980.5304737}
{"op":"WAITLIST_ADD","ticket_id":"TKT-1773651980531-343","client":"c0","train":"T1","tier":"2AC","ts":1773651980.5315084}
{"op":"WAITLIST_ADD","ticket_id":"TKT-1773651980532-344","client":"c9","train":"T2","tier":"3AC","ts":1773651980.5325837}
{"op":"WAITLIST_ADD","ticket_id":"TKT-1773651980533-345","client":"c1","train":"T2","tier":"1AC","ts":1773651980.5334983}
{"op":"CANCEL_TICKET","ticket_id":"TKT-1773651980523-336","client":"c7","train":"T2","tier":"3AC","seat_id":null,"ts":1773651980.53442}
{"op":"WAITLIST_ADD","ticket_id":"TKT-1773651980535-346","client":"c2","train":"T2","tier":"3AC","ts":1773651980.535292}
{"op":"WAITLIST_ADD","ticket_id":"TKT-1773651980536-347","client":"c3","train":"T1","tier":"1AC","ts":1773651980.536199}
{"op":"WAITLIST_ADD","ticket_id":"TKT-1773651980537-348","client":"c4","train":"T2","tier":"3AC","ts":1773651980.5371408}
{"op":"CANCEL_TICKET","ticket_id":"TKT-1773651980527-340","client":"c5","train":"T1","tier":"1AC","seat_id":null,"ts":1773651980.538133}
{"op":"WAITLIST_ADD","ticket_id":"TKT-1773651980539-349","client":"c6","train":"T1","tier":"3AC","ts":1773651980.5392609}
{"op":"WAITLIST_ADD","ticket_id":"TKT-1773651980540-350","client":"c8","train":"T2","tier":"1AC","ts":1773651980.5402346}
{"op":"WAITLIST_ADD","ticket_id":"TKT-1773651980541-351","client":"c0","train":"T1","tier":"3AC","ts":1773651980.5410511}
{"op":"WAITLIST_ADD","ticket_id":"TKT-1773651980541-352","client":"c9","train":"T2","tier":"1AC","ts":1773651980.5419805}
{"op":"WAITLIST_ADD","ticket_id":"TKT-1773651980542-353","client":"c1","train":"T1","tier":"2AC","ts":1773651980.542909}
{"op":"WAITLIST_ADD","ticket_id":"TKT-1773651980543-354","client":"c7","train":"T2","tier":"3AC","ts":1773651980.543948}
{"op":"WAITLIST_ADD","ticket_id":"TKT-1773651980544-355","client":"c2","train":"T2","tier":"3AC","ts":1773651980.5449367}
{"op":"WAITLIST_ADD","ticket_id":"TKT-1773651980545-356","client":"c3","train":"T2","tier":"3AC","ts":1773651980.545849}
{"op":"WAITLIST_ADD","ticket_id":"TKT-1773651980546-357","client":"c4","train":"T1","tier":"2AC","ts":1773651980.5468683}
{"op":"WAITLIST_ADD","ticket_id":"TKT-1773651980547-358","client":"c5","train":"T1","tier":"2AC","ts":1773651980.547626}
{"op":"WAITLIST_ADD","ticket_id":"TKT-1773651980548-359","client":"c6","train":"T2","tier":"1AC","ts":1773651980.5486188}
{"op":"WAITLIST_ADD","ticket_id":"TKT-1773651980549-360","client":"c8","train":"T2","tier":"2AC","ts":1773651980.549376}
{"op":"WAITLIST_ADD","ticket_id":"TKT-1773651980550-361","client":"c0","train":"T2","tier":"3AC","ts":1773651980.5502322}
{"op":"WAITLIST_ADD","ticket_id":"TKT-1773651980551-362","client":"c9","train":"T1","tier":"2AC","ts":1773651980.5510514}
{"op":"WAITLIST_ADD","ticket_id":"TKT-1773651980551-363","client":"c1","train":"T2","tier":"1AC","ts":1773651980.5519109}
{"op":"WAITLIST_ADD","ticket_id":"TKT-1773651980552-364","client":"c7","train":"T1","tier":"3AC","ts":1773651980.5527327}
{"op":"WAITLIST_ADD","ticket_id":"TKT-1773651980553-365","client":"c2","train":"T1","tier":"2AC","ts":1773651980.5535598}
{"op":"WAITLIST_ADD","ticket_id":"TKT-1773651980554-366","client":"c3","train":"T2","tier":"1AC","ts":1773651980.554381}
{"op":"WAITLIST_ADD","ticket_id":"TKT-1773651980555-367","client":"c4","train":"T2","tier":"2AC","ts":1773651980.555179}
{"op":"WAITLIST_ADD","ticket_id":"TKT-1773651980556-368","client":"c5","train":"T1","tier":"1AC","ts":1773651980.5562184}
{"op":"WAITLIST_ADD","ticket_id":"TKT-1773651980556-369","client":"c6","train":"T2","tier":"3AC","ts":1773651980.5569913}
{"op":"CANCEL_TICKET","ticket_id":"TKT-1773651980549-360","client":"c8","train":"T2","tier":"2AC","seat_id":null,"ts":1773651980.557866}
{"op":"WAITLIST_ADD","ticket_id":"TKT-1773651980558-370","client":"c0","train":"T2","tier":"1AC","ts":1773651980.5587037}
{"op":"CANCEL_TICKET","ticket_id":"TKT-1773651980551-362","client":"c9","train":"T1","tier":"2AC","seat_id":null,"ts":1773651980.5595555}
{"op":"CANCEL_TICKET","ticket_id":"TKT-1773651980551-363","client":"c1","train":"T2","tier":"1AC","seat_id":null,"ts":1773651980.5605886}
{"op":"WAITLIST_ADD","ticket_id":"TKT-1773651980561-371","client":"c7","train":"T2","tier":"2AC","ts":1773651980.5616226}
{"op":"WAITLIST_ADD","ticket_id":"TKT-1773651980562-372","client":"c2","train":"T1","tier":"3AC","ts":1773651980.5625472}
{"op":"WAITLIST_ADD","ticket_id":"TKT-1773651980563-373","client":"c3","train":"T2","tier":"3AC","ts":1773651980.5633433}
{"op":"WAITLIST_ADD","ticket_id":"TKT-1773651980564-374","client":"c4","train":"T2","tier":"1AC","ts":1773651980.5642886}
{"op":"WAITLIST_ADD","ticket_id":"TKT-1773651980565-375","client":"c5","train":"T2","tier":"3AC","ts":1773651980.5650349}
{"op":"WAITLIST_ADD","ticket_id":"TKT-1773651980565-376","client":"c6","train":"T1","tier":"3AC","ts":1773651980.5658379}
{"op":"WAITLIST_ADD","ticket_id":"TKT-1773651980566-377","client":"c8","train":"T2","tier":"3AC","ts":1773651980.5667298}
{"op":"WAITLIST_ADD","ticket_id":"TKT-1773651980567-378","client":"c0","train":"T1","tier":"2AC","ts":1773651980.5675755}
{"op":"WAITLIST_ADD","ticket_id":"TKT-1773651980568-379","client":"c9","train":"T1","tier":"3AC","ts":1773651980.5684206}
{"op":"WAITLIST_ADD","ticket_id":"TKT-1773651980569-380","client":"c1","train":"T1","tier":"1AC","ts":1773651980.5692968}
{"op":"WAITLIST_ADD","ticket_id":"TKT-1773651980570-381","client":"c7","train":"T2","tier":"1AC","ts":1773651980.5702665}
{"op":"WAITLIST_ADD","ticket_id":"TKT-1773651980571-382","client":"c2","train":"T2","tier":"2AC","ts":1773651980.5710669}
{"op":"WAITLIST_ADD","ticket_id":"TKT-1773651980572-383","client":"c3","train":"T2","tier":"3AC","ts":1773651980.5720634}
{"op":"WAITLIST_ADD","ticket_id":"TKT-1773651980572-384","client":"c4","train":"T2","tier":"1AC","ts":1773651980.5728366}
{"op":"WAITLIST_ADD","ticket_id":"TKT-1773651980573-385","client":"c5","train":"T2","tier":"3AC","ts":1773651980.5736897}
{"op":"WAITLIST_ADD","ticket_id":"TKT-1773651980574-386","client":"c6","train":"T1","tier":"3AC","ts":1773651980.574523}
{"op":"WAITLIST_ADD","ticket_id":"TKT-1773651980575-387","client":"c8","train":"T1","tier":"3AC","ts":1773651980.5754511}
{"op":"CANCEL_TICKET","ticket_id":"TKT-1773651980567-378","client":"c0","train":"T1","tier":"2AC","seat_id":null,"ts":1773651980.5763009}
{"op":"WAITLIST_ADD","ticket_id":"TKT-1773651980577-388","client":"c9","train":"T1","tier":"1AC","ts":1773651980.5772398}
{"op":"WAITLIST_ADD","ticket_id":"TKT-1773651980578-389","client":"c1","train":"T1","tier":"3AC","ts":1773651980.5784822}
{"op":"WAITLIST_ADD","ticket_id":"TKT-1773651980579-390","client":"c7","train":"T1","tier":"1AC","ts":1773651980.5791285}
{"op":"WAITLIST_ADD","ticket_id":"TKT-1773651980580-391","client":"c2","train":"T1","tier":"2AC","ts":1773651980.580007}
{"op":"WAITLIST_ADD","ticket_id":"TKT-1773651980580-392","client":"c3","train":"T1","tier":"3AC","ts":1773651980.580659}
{"op":"WAITLIST_ADD","ticket_id":"TKT-1773651980581-393","client":"c4","train":"T1","tier":"2AC","ts":1773651980.5815482}
{"op":"WAITLIST_ADD","ticket_id":"TKT-1773651980582-394","client":"c5","train":"T1","tier":"2AC","ts":1773651980.5821724}
{"op":"WAITLIST_ADD","ticket_id":"TKT-1773651980583-395","client":"c6","train":"T1","tier":"3AC","ts":1773651980.583023}
{"op":"WAITLIST_ADD","ticket_id":"TKT-1773651980583-396","client":"c8","train":"T2","tier":"2AC","ts":1773651980.5838134}
{"op":"WAITLIST_ADD","ticket_id":"TKT-1773651980584-397","client":"c0","train":"T2","tier":"3AC","ts":1773651980.5846577}
{"op":"WAITLIST_ADD","ticket_id":"TKT-1773651980585-398","client":"c9","train":"T1","tier":"1AC","ts":1773651980.585744}
{"op":"WAITLIST_ADD","ticket_id":"TKT-1773651980586-399","client":"c1","train":"T1","tier":"2AC","ts":1773651980.5866075}
{"op":"WAITLIST_ADD","ticket_id":"TKT-1773651980587-400","client":"c7","train":"T1","tier":"1AC","ts":1773651980.5872817}
{"op":"WAITLIST_ADD","ticket_id":"TKT-1773651980588-401","client":"c4","train":"T1","tier":"1AC","ts":1773651980.5883777}
{"op":"WAITLIST_ADD","ticket_id":"TKT-1773651980589-402","client":"c5","train":"T1","tier":"3AC","ts":1773651980.5890846}
{"op":"WAITLIST_ADD","ticket_id":"TKT-1773651980589-403","client":"c6","train":"T2","tier":"3AC","ts":1773651980.5898943}
{"op":"WAITLIST_ADD","ticket_id":"TKT-1773651980590-404","client":"c8","train":"T2","tier":"3AC","ts":1773651980.5907233}
{"op":"CANCEL_TICKET","ticket_id":"TKT-1773651980585-398","client":"c9","train":"T1","tier":"1AC","seat_id":null,"ts":1773651980.5919006}
{"op":"WAITLIST_ADD","ticket_id":"TKT-1773651980595-405","client":"c9","train":"T2","tier":"2AC","ts":1773651980.5958078}
{"op":"WAITLIST_ADD","ticket_id":"TKT-1773652090785-406","client":"c0","train":"T2","tier":"3AC","ts":1773652090.785806}
{"op":"WAITLIST_ADD","ticket_id":"TKT-1773652090787-407","client":"c1","train":"T2","tier":"3AC","ts":1773652090.7877066}
{"op":"WAITLIST_ADD","ticket_id":"TKT-1773652090790-408","client":"c2","train":"T1","tier":"3AC","ts":1773652090.7907884}
{"op":"WAITLIST_ADD","ticket_id":"TKT-1773652090791-409","client":"c3","train":"T1","tier":"3AC","ts":1773652090.7915893}
{"op":"WAITLIST_ADD","ticket_id":"TKT-1773652090792-410","client":"c4","train":"T2","tier":"1AC","ts":1773652090.7928834}
{"op":"WAITLIST_ADD","ticket_id":"TKT-1773652090794-411","client":"c5","train":"T2","tier":"1AC","ts":1773652090.7941935}
{"op":"WAITLIST_ADD","ticket_id":"TKT-1773652090795-412","client":"c6","train":"T1","tier":"3AC","ts":1773652090.7953916}
{"op":"WAITLIST_ADD","ticket_id":"TKT-1773652090796-413","client":"c7","train":"T2","tier":"3AC","ts":1773652090.796609}
{"op":"WAITLIST_ADD","ticket_id":"TKT-1773652090797-414","client":"c8","train":"T1","tier":"1AC","ts":1773652090.7977836}
{"op":"WAITLIST_ADD","ticket_id":"TKT-1773652090798-415","client":"c9","train":"T2","tier":"1AC","ts":1773652090.7989469}
{"op":"WAITLIST_ADD","ticket_id":"TKT-1773652090800-416","client":"c0","train":"T1","tier":"1AC","ts":1773652090.8001752}
{"op":"WAITLIST_ADD","ticket_id":"TKT-1773652090801-417","client":"c1","train":"T1","tier":"2AC","ts":1773652090.8011124}
{"op":"WAITLIST_ADD","ticket_id":"TKT-1773652090802-418","client":"c2","train":"T2","tier":"3AC","ts":1773652090.8024082}
{"op":"WAITLIST_ADD","ticket_id":"TKT-1773652090803-419","client":"c3","train":"T1","tier":"1AC","ts":1773652090.8034065}
{"op":"WAITLIST_ADD","ticket_id":"TKT-1773652090804-420","client":"c4","train":"T2","tier":"3AC","ts":1773652090.8043258}
{"op":"WAITLIST_ADD","ticket_id":"TKT-1773652090805-421","client":"c5","train":"T2","tier":"2AC","ts":1773652090.805966}
{"op":"WAITLIST_ADD","ticket_id":"TKT-1773652090806-422","client":"c6","train":"T1","tier":"2AC","ts":1773652090.8069203}
{"op":"WAITLIST_ADD","ticket_id":"TKT-1773652090807-423","client":"c7","train":"T2","tier":"1AC","ts":1773652090.8079069}
{"op":"WAITLIST_ADD","ticket_id":"TKT-1773652090808-424","client":"c8","train":"T2","tier":"1AC","ts":1773652090.8086858}
{"op":"WAITLIST_ADD","ticket_id":"TKT-1773652090809-425","client":"c9","train":"T2","tier":"2AC","ts":1773652090.8096077}
{"op":"WAITLIST_ADD","ticket_id":"TKT-1773652090811-426","client":"c0","train":"T1","tier":"2AC","ts":1773652090.811051}
{"op":"CANCEL_TICKET","ticket_id":"TKT-1773652090801-417","client":"c1","train":"T1","tier":"2AC","seat_id":null,"ts":1773652090.811958}
{"op":"CANCEL_TICKET","ticket_id":"TKT-1773652090802-418","client":"c2","train":"T2","tier":"3AC","seat_id":null,"ts":1773652090.813013}
{"op":"WAITLIST_ADD","ticket_id":"TKT-1773652090813-427","client":"c3","train":"T1","tier":"1AC","ts":1773652090.8139904}
{"op":"WAITLIST_ADD","ticket_id":"TKT-1773652090815-428","client":"c4","train":"T1","tier":"1AC","ts":1773652090.8150406}
{"op":"WAITLIST_ADD","ticket_id":"TKT-1773652090816-429","client":"c5","train":"T2","tier":"2AC","ts":1773652090.8162432}
{"op":"WAITLIST_ADD","ticket_id":"TKT-1773652090817-430","client":"c6","train":"T1","tier":"2AC","ts":1773652090.8170469}
{"op":"WAITLIST_ADD","ticket_id":"TKT-1773652090818-431","client":"c7","train":"T1","tier":"1AC","ts":1773652090.818124}
{"op":"WAITLIST_ADD","ticket_id":"TKT-1773652090819-432","client":"c8","train":"T2","tier":"1AC","ts":1773652090.8191996}
{"op":"WAITLIST_ADD","ticket_id":"TKT-1773652090820-433","client":"c9","train":"T1","tier":"2AC","ts":1773652090.8201356}
{"op":"WAITLIST_ADD","ticket_id":"TKT-1773652090821-434","client":"c0","train":"T1","tier":"3AC","ts":1773652090.8215349}
{"op":"WAITLIST_ADD","ticket_id":"TKT-1773652090822-435","client":"c1","train":"T2","tier":"1AC","ts":1773652090.8227782}
{"op":"WAITLIST_ADD","ticket_id":"TKT-1773652090823-436","client":"c2","train":"T1","tier":"3AC","ts":1773652090.823606}
{"op":"WAITLIST_ADD","ticket_id":"TKT-1773652090824-437","client":"c3","train":"T1","tier":"3AC","ts":1773652090.824768}
{"op":"CANCEL_TICKET","ticket_id":"TKT-1773652090815-428","client":"c4","train":"T1","tier":"1AC","seat_id":null,"ts":1773652090.8261542}
{"op":"WAITLIST_ADD","ticket_id":"TKT-1773652090827-438","client":"c5","train":"T2","tier":"2AC","ts":1773652090.8271568}
{"op":"WAITLIST_ADD","ticket_id":"TKT-1773652090828-439","client":"c6","train":"T1","tier":"1AC","ts":1773652090.8282304}
{"op":"WAITLIST_ADD","ticket_id":"TKT-1773652090829-440","client":"c7","train":"T2","tier":"2AC","ts":1773652090.8299167}
{"op":"CANCEL_TICKET","ticket_id":"TKT-1773652090819-432","client":"c8","train":"T2","tier":"1AC","seat_id":null,"ts":1773652090.8309455}
{"op":"WAITLIST_ADD","ticket_id":"TKT-1773652090832-441","client":"c9","train":"T2","tier":"1AC","ts":1773652090.8321602}
{"op":"WAITLIST_ADD","ticket_id":"TKT-1773652090833-442","client":"c0","train":"T2","tier":"2AC","ts":1773652090.8334231}
{"op":"WAITLIST_ADD","ticket_id":"TKT-1773652090834-443","client":"c1","train":"T2","tier":"1AC","ts":1773652090.834402}
{"op":"WAITLIST_ADD","ticket_id":"TKT-1773652090835-444","client":"c2","train":"T2","tier":"1AC","ts":1773652090.8353724}
{"op":"WAITLIST_ADD","ticket_id":"TKT-1773652090836-445","client":"c3","train":"T1","tier":"2AC","ts":1773652090.8363235}
{"op":"WAITLIST_ADD","ticket_id":"TKT-1773652090837-446","client":"c4","train":"T2","tier":"1AC","ts":1773652090.8373876}
{"op":"CANCEL_TICKET","ticket_id":"TKT-1773652090827-438","client":"c5","train":"T2","tier":"2AC","seat_id":null,"ts":1773652090.839226}
{"op":"WAITLIST_ADD","ticket_id":"TKT-1773652090840-447","client":"c6","train":"T2","tier":"2AC","ts":1773652090.8402753}
{"op":"WAITLIST_ADD","ticket_id":"TKT-1773652090841-448","client":"c7","train":"T2","tier":"2AC","ts":1773652090.8415875}
{"op":"WAITLIST_ADD","ticket_id":"TKT-1773652090842-449","client":"c8","train":"T1","tier":"2AC","ts":1773652090.8423314}
{"op":"WAITLIST_ADD","ticket_id":"TKT-1773652090843-450","client":"c9","train":"T1","tier":"1AC","ts":1773652090.843147}
{"op":"WAITLIST_ADD","ticket_id":"TKT-1773652090844-451","client":"c0","train":"T1","tier":"3AC","ts":1773652090.8440938}
{"op":"WAITLIST_ADD","ticket_id":"TKT-1773652090844-452","client":"c1","train":"T1","tier":"2AC","ts":1773652090.8448443}
{"op":"WAITLIST_ADD","ticket_id":"TKT-1773652090845-453","client":"c2","train":"T1","tier":"2AC","ts":1773652090.8455062}
{"op":"WAITLIST_ADD","ticket_id":"TKT-1773652090846-454","client":"c3","train":"T2","tier":"2AC","ts":1773652090.846449}
{"op":"WAITLIST_ADD","ticket_id":"TKT-1773652090847-455","client":"c4","train":"T1","tier":"1AC","ts":1773652090.8473341}
{"op":"WAITLIST_ADD","ticket_id":"TKT-1773652090848-456","client":"c5","train":"T2","tier":"1AC","ts":1773652090.848227}
{"op":"WAITLIST_ADD","ticket_id":"TKT-1773652090849-457","client":"c6","train":"T2","tier":"2AC","ts":1773652090.8493156}
{"op":"WAITLIST_ADD","ticket_id":"TKT-1773652090850-458","client":"c7","train":"T1","tier":"3AC","ts":1773652090.850516}
{"op":"WAITLIST_ADD","ticket_id":"TKT-1773652090851-459","client":"c8","train":"T1","tier":"2AC","ts":1773652090.8514404}
{"op":"WAITLIST_ADD","ticket_id":"TKT-1773652090852-460","client":"c9","train":"T1","tier":"1AC","ts":1773652090.8526268}
{"op":"WAITLIST_ADD","ticket_id":"TKT-1773652090853-461","client":"c0","train":"T1","tier":"3AC","ts":1773652090.8536172}
{"op":"WAITLIST_ADD","ticket_id":"TKT-1773652090854-462","client":"c1","train":"T2","tier":"3AC","ts":1773652090.8549411}
{"op":"WAITLIST_ADD","ticket_id":"TKT-1773652090856-463","client":"c2","train":"T1","tier":"2AC","ts":1773652090.8560033}
{"op":"WAITLIST_ADD","ticket_id":"TKT-1773652090857-464","client":"c3","train":"T2","tier":"2AC","ts":1773652090.8573577}
{"op":"WAITLIST_ADD","ticket_id":"TKT-1773652090858-465","client":"c4","train":"T2","tier":"2AC","ts":1773652090.8584082}
{"op":"WAITLIST_ADD","ticket_id":"TKT-1773652090859-466","client":"c5","train":"T2","tier":"2AC","ts":1773652090.8594193}
{"op":"WAITLIST_ADD","ticket_id":"TKT-1773652090860-467","client":"c6","train":"T2","tier":"3AC","ts":1773652090.8602424}
{"op":"WAITLIST_ADD","ticket_id":"TKT-1773652090861-468","client":"c7","train":"T1","tier":"2AC","ts":1773652090.861284}
{"op":"WAITLIST_ADD","ticket_id":"TKT-1773652090862-469","client":"c8","train":"T1","tier":"3AC","ts":1773652090.8620753}
{"op":"WAITLIST_ADD","ticket_id":"TKT-1773652090863-470","client":"c9","train":"T1","tier":"2AC","ts":1773652090.863062}
{"op":"WAITLIST_ADD","ticket_id":"TKT-1773652090863-471","client":"c0","train":"T1","tier":"2AC","ts":1773652090.8639884}
{"op":"WAITLIST_ADD","ticket_id":"TKT-1773652090865-472","client":"c1","train":"T1","tier":"1AC","ts":1773652090.8651667}
{"op":"WAITLIST_ADD","ticket_id":"TKT-1773652090866-473","client":"c2","train":"T1","tier":"2AC","ts":1773652090.8663347}
{"op":"WAITLIST_ADD","ticket_id":"TKT-1773652090867-474","client":"c3","train":"T1","tier":"3AC","ts":1773652090.867348}
{"op":"WAITLIST_ADD","ticket_id":"TKT-1773652090868-475","client":"c4","train":"T2","tier":"1AC","ts":1773652090.868511}
{"op":"WAITLIST_ADD","ticket_id":"TKT-1773652090869-476","client":"c5","train":"T2","tier":"1AC","ts":1773652090.8693612}
{"op":"WAITLIST_ADD","ticket_id":"TKT-1773652090870-477","client":"c6","train":"T2","tier":"2AC","ts":1773652090.8703601}
{"op":"WAITLIST_ADD","ticket_id":"TKT-1773652090871-478","client":"c7","train":"T1","tier":"1AC","ts":1773652090.871744}
{"op":"WAITLIST_ADD","ticket_id":"TKT-1773652090872-479","client":"c8","train":"T1","tier":"2AC","ts":1773652090.8729606}
{"op":"WAITLIST_ADD","ticket_id":"TKT-1773652090874-480","client":"c9","train":"T1","tier":"1AC","ts":1773652090.8741322}
{"op":"WAITLIST_ADD","ticket_id":"TKT-1773652090875-481","client":"c0","train":"T1","tier":"2AC","ts":1773652090.8750212}
{"op":"WAITLIST_ADD","ticket_id":"TKT-1773652090876-482","client":"c1","train":"T2","tier":"1AC","ts":1773652090.876108}
{"op":"WAITLIST_ADD","ticket_id":"TKT-1773652090877-483","client":"c2","train":"T1","tier":"1AC","ts":1773652090.8770285}
{"op":"WAITLIST_ADD","ticket_id":"TKT-1773652090878-484","client":"c3","train":"T2","tier":"2AC","ts":1773652090.8784428}
{"op":"WAITLIST_ADD","ticket_id":"TKT-1773652090879-485","client":"c4","train":"T1","tier":"2AC","ts":1773652090.8794734}
{"op":"CANCEL_TICKET","ticket_id":"TKT-1773652090869-476","client":"c5","train":"T2","tier":"1AC","seat_id":null,"ts":1773652090.8807397}
{"op":"WAITLIST_ADD","ticket_id":"TKT-1773652090882-486","client":"c6","train":"T1","tier":"2AC","ts":1773652090.8820102}
{"op":"WAITLIST_ADD","ticket_id":"TKT-1773652090882-487","client":"c7","train":"T2","tier":"2AC","ts":1773652090.8827398}
{"op":"WAITLIST_ADD","ticket_id":"TKT-1773652090884-488","client":"c8","train":"T2","tier":"2AC","ts":1773652090.8840473}
{"op":"WAITLIST_ADD","ticket_id":"TKT-1773652090885-489","client":"c9","train":"T2","tier":"3AC","ts":1773652090.8852396}
{"op":"WAITLIST_ADD","ticket_id":"TKT-1773652090886-490","client":"c0","train":"T1","tier":"2AC","ts":1773652090.8861988}
{"op":"WAITLIST_ADD","ticket_id":"TKT-1773652090887-491","client":"c1","train":"T2","tier":"2AC","ts":1773652090.8871741}
{"op":"WAITLIST_ADD","ticket_id":"TKT-1773652090889-492","client":"c2","train":"T2","tier":"1AC","ts":1773652090.8890126}
{"op":"WAITLIST_ADD","ticket_id":"TKT-1773652090890-493","client":"c3","train":"T1","tier":"3AC","ts":1773652090.8900766}
{"op":"WAITLIST_ADD","ticket_id":"TKT-1773652090891-494","client":"c4","train":"T2","tier":"3AC","ts":1773652090.8913639}
{"op":"WAITLIST_ADD","ticket_id":"TKT-1773652090892-495","client":"c5","train":"T1","tier":"2AC","ts":1773652090.8927946}
{"op":"WAITLIST_ADD","ticket_id":"TKT-1773652090893-496","client":"c6","train":"T1","tier":"1AC","ts":1773652090.8938916}
{"op":"WAITLIST_ADD","ticket_id":"TKT-1773652090895-497","client":"c7","train":"T2","tier":"2AC","ts":1773652090.895127}
{"op":"WAITLIST_ADD","ticket_id":"TKT-1773652090896-498","client":"c8","train":"T1","tier":"1AC","ts":1773652090.8964462}
{"op":"WAITLIST_ADD","ticket_id":"TKT-1773652090897-499","client":"c9","train":"T2","tier":"2AC","ts":1773652090.897619}
{"op":"CANCEL_TICKET","ticket_id":"TKT-1773652090886-490","client":"c0","train":"T1","tier":"2AC","seat_id":null,"ts":1773652090.8984783}
{"op":"WAITLIST_ADD","ticket_id":"TKT-1773652090899-500","client":"c1","train":"T2","tier":"2AC","ts":1773652090.8992827}
{"op":"WAITLIST_ADD","ticket_id":"TKT-1773652090900-501","client":"c2","train":"T1","tier":"1AC","ts":1773652090.900309}
{"op":"WAITLIST_ADD","ticket_id":"TKT-1773652090902-502","client":"c4","train":"T2","tier":"2AC","ts":1773652090.9021008}
{"op":"WAITLIST_ADD","ticket_id":"TKT-1773652090903-503","client":"c5","train":"T1","tier":"2AC","ts":1773652090.9032006}
{"op":"CANCEL_TICKET","ticket_id":"TKT-1773652090895-497","client":"c7","train":"T2","tier":"2AC","seat_id":null,"ts":1773652090.9054177}
{"op":"WAITLIST_ADD","ticket_id":"TKT-1773652090906-504","client":"c8","train":"T2","tier":"2AC","ts":1773652090.906553}
{"op":"WAITLIST_ADD","ticket_id":"TKT-1773652090909-505","client":"c5","train":"T1","tier":"2AC","ts":1773652090.909558}
