{"op":"INIT","trains":[{"train_id":"T1","coaches":[{"coach_id":"1A","tier":"1AC","seats":[1,2,3,4]},{"coach_id":"2A","tier":"2AC","seats":[1,2,3,4,5,6,7,8]},{"coach_id":"3A","tier":"3AC","seats":[1,2,3,4,5,6,7,8]}]},{"train_id":"T2","coaches":[{"coach_id":"1B","tier":"1AC","seats":[1,2,3,4]},{"coach_id":"2B","tier":"2AC","seats":[1,2,3,4,5,6,7,8]},{"coach_id":"3B","tier":"3AC","seats":[1,2,3,4,5,6,7,8]}]}],"ts":1773652166.9118567}
{"op":"BOOK_TIER","ticket_id":"TKT-1773652178974-1","client":"c0","train":"T2","tier":"3AC","seat_id":"T2-3B-1","status":"confirmed","ts":1773652178.9744668}
{"op":"BOOK_TIER","ticket_id":"TKT-1773652178978-2","client":"c1","train":"T1","tier":"2AC","seat_id":"T1-2A-1","status":"confirmed","ts":1773652178.9787357}
{"op":"BOOK_TIER","ticket_id":"TKT-1773652178980-3","client":"c2","train":"T2","tier":"1AC","seat_id":"T2-1B-1","status":"confirmed","ts":1773652178.9800086}
{"op":"BOOK_TIER","ticket_id":"TKT-1773652178981-4","client":"c3","train":"T2","tier":"2AC","seat_id":"T2-2B-1","status":"confirmed","ts":1773652178.9810433}
{"op":"BOOK_TIER","ticket_id":"TKT-1773652178981-5","client":"c4","train":"T1","tier":"1AC","seat_id":"T1-1A-1","status":"confirmed","ts":1773652178.9819624}
{"op":"BOOK_TIER","ticket_id":"TKT-1773652178982-6","client":"c5","train":"T2","tier":"1AC","seat_id":"T2-1B-2","status":"confirmed","ts":1773652178.9827943}
{"op":"BOOK_TIER","ticket_id":"TKT-1773652178984-7","client":"c6","train":"T2","tier":"3AC","seat_id":"T2-3B-2","status":"confirmed","ts":1773652178.984748}
{"op":"BOOK_TIER","ticket_id":"TKT-1773652178986-8","client":"c7","train":"T1","tier":"2AC","seat_id":"T1-2A-2","status":"confirmed","ts":1773652178.986019}
{"op":"BOOK_TIER","ticket_id":"TKT-1773652178986-9","client":"c8","train":"T2","tier":"2AC","seat_id":"T2-2B-2","status":"confirmed","ts":1773652178.9866407}
{"op":"BOOK_TIER","ticket_id":"TKT-1773652178987-10","client":"c9","train":"T1","tier":"3AC","seat_id":"T1-3A-1","status":"confirmed","ts":1773652178.987634}
{"op":"BOOK_TIER","ticket_id":"TKT-1773652178989-11","client":"c0","train":"T2","tier":"1AC","seat_id":"T2-1B-3","status":"confirmed","ts":1773652178.989297}
{"op":"BOOK_TIER","ticket_id":"TKT-1773652178991-12","client":"c1","train":"T1","tier":"3AC","seat_id":"T1-3A-2","status":"confirmed","ts":1773652178.9910092}
{"op":"BOOK_TIER","ticket_id":"TKT-1773652178992-13","client":"c2","train":"T1","tier":"1AC","seat_id":"T1-1A-2","status":"confirmed","ts":1773652178.9927769}
{"op":"BOOK_TIER","ticket_id":"TKT-1773652178993-14","client":"c3","train":"T1","tier":"2AC","seat_id":"T1-2A-3","status":"confirmed","ts":1773652178.9934063}
{"op":"BOOK_TIER","ticket_id":"TKT-1773652178994-15","client":"c4","train":"T1","tier":"1AC","seat_id":"T1-1A-3","status":"confirmed","ts":1773652178.9943557}
{"op":"BOOK_TIER","ticket_id":"TKT-1773652178994-16","client":"c5","train":"T2","tier":"1AC","seat_id":"T2-1B-4","status":"confirmed","ts":1773652178.9949925}
{"op":"BOOK_TIER","ticket_id":"TKT-1773652178995-17","client":"c6","train":"T2","tier":"2AC","seat_id":"T2-2B-3","status":"confirmed","ts":1773652178.995818}
{"op":"BOOK_TIER","ticket_id":"TKT-1773652178996-18","client":"c7","train":"T1","tier":"3AC","seat_id":"T1-3A-3","status":"confirmed","ts":1773652178.9964237}
{"op":"BOOK_TIER","ticket_id":"TKT-1773652178997-19","client":"c8","train":"T2","tier":"2AC","seat_id":"T2-2B-4","status":"confirmed","ts":1773652178.9971836}
{"op":"BOOK_TIER","ticket_id":"TKT-1773652178998-20","client":"c9","train":"T1","tier":"1AC","seat_id":"T1-1A-4","status":"confirmed","ts":1773652178.9980824}
{"op":"BOOK_TIER","ticket_id":"TKT-1773652178998-21","client":"c0","train":"T1","tier":"2AC","seat_id":"T1-2A-4","status":"confirmed","ts":1773652178.9988039}
{"op":"CANCEL_TICKET","ticket_id":"TKT-1773652178991-12","client":"c1","train":"T1","tier":"3AC","seat_id":"T1-3A-2","ts":1773652179.0001526}
{"op":"CANCEL_TICKET","ticket_id":"TKT-1773652178992-13","client":"c2","train":"T1","tier":"1AC","seat_id":"T1-1A-2","ts":1773652179.0016017}
{"op":"WAITLIST_ADD","ticket_id":"TKT-1773652179002-22","client":"c3","train":"T2","tier":"1AC","ts":1773652179.0024774}
{"op":"BOOK_TIER","ticket_id":"TKT-1773652179003-23","client":"c4","train":"T2","tier":"3AC","seat_id":"T2-3B-3","status":"confirmed","ts":1773652179.0033045}
{"op":"BOOK_TIER","ticket_id":"TKT-1773652179004-24","client":"c5","train":"T2","tier":"3AC","seat_id":"T2-3B-4","status":"confirmed","ts":1773652179.0042017}
{"op":"BOOK_TIER","ticket_id":"TKT-1773652179005-25","client":"c6","train":"T2","tier":"2AC","seat_id":"T2-2B-5","status":"confirmed","ts":1773652179.0052276}
{"op":"BOOK_TIER","ticket_id":"TKT-1773652179006-26","client":"c7","train":"T1","tier":"2AC","seat_id":"T1-2A-5","status":"confirmed","ts":1773652179.0062294}
{"op":"WAITLIST_ADD","ticket_id":"TKT-1773652179007-27","client":"c8","train":"T2","tier":"1AC","ts":1773652179.0072582}
{"op":"BOOK_TIER","ticket_id":"TKT-1773652179008-28","client":"c9","train":"T1","tier":"1AC","seat_id":"T1-1A-2","status":"confirmed","ts":1773652179.008262}
{"op":"WAITLIST_ADD","ticket_id":"TKT-1773652179009-29","client":"c0","train":"T1","tier":"1AC","ts":1773652179.0090623}
{"op":"BOOK_TIER","ticket_id":"TKT-1773652179010-30","client":"c1","train":"T2","tier":"3AC","seat_id":"T2-3B-5","status":"confirmed","ts":1773652179.0101855}
{"op":"BOOK_TIER","ticket_id":"TKT-1773652179011-31","client":"c2","train":"T1","tier":"2AC","seat_id":"T1-2A-6","status":"confirmed","ts":1773652179.011056}
{"op":"BOOK_TIER","ticket_id":"TKT-1773652179011-32","client":"c3","train":"T2","tier":"3AC","seat_id":"T2-3B-6","status":"confirmed","ts":1773652179.0118833}
{"op":"BOOK_TIER","ticket_id":"TKT-1773652179012-33","client":"c4","train":"T1","tier":"3AC","seat_id":"T1-3A-2","status":"confirmed","ts":1773652179.0127811}
{"op":"BOOK_TIER","ticket_id":"TKT-1773652179013-34","client":"c5","train":"T2","tier":"2AC","seat_id":"T2-2B-6","status":"confirmed","ts":1773652179.013669}
{"op":"CANCEL_TICKET","ticket_id":"TKT-1773652179005-25","client":"c6","train":"T2","tier":"2AC","seat_id":"T2-2B-5","ts":1773652179.0145216}
{"op":"WAITLIST_ADD","ticket_id":"TKT-1773652179015-35","client":"c7","train":"T1","tier":"1AC","ts":1773652179.0154881}
{"op":"WAITLIST_ADD","ticket_id":"TKT-1773652179016-36","client":"c8","train":"T2","tier":"1AC","ts":1773652179.01697}
{"op":"BOOK_TIER","ticket_id":"TKT-1773652179017-37","client":"c9","train":"T1","tier":"2AC","seat_id":"T1-2A-7","status":"confirmed","ts":1773652179.0178485}
{"op":"BOOK_TIER","ticket_id":"TKT-1773652179018-38","client":"c0","train":"T2","tier":"2AC","seat_id":"T2-2B-5","status":"confirmed","ts":1773652179.0189633}
{"op":"CANCEL_TICKET","ticket_id":"TKT-1773652179010-30","client":"c1","train":"T2","tier":"3AC","seat_id":"T2-3B-5","ts":1773652179.019709}
{"op":"WAITLIST_ADD","ticket_id":"TKT-1773652179020-39","client":"c2","train":"T2","tier":"1AC","ts":1773652179.0205114}
{"op":"BOOK_TIER","ticket_id":"TKT-1773652179021-40","client":"c3","train":"T1","tier":"2AC","seat_id":"T1-2A-8","status":"confirmed","ts":1773652179.0213244}
{"op":"WAITLIST_ADD","ticket_id":"TKT-1773652179022-41","client":"c4","train":"T1","tier":"2AC","ts":1773652179.022149}
{"op":"BOOK_TIER","ticket_id":"TKT-1773652179022-42","client":"c5","train":"T2","tier":"3AC","seat_id":"T2-3B-5","status":"confirmed","ts":1773652179.022842}
{"op":"BOOK_TIER","ticket_id":"TKT-1773652179023-43","client":"c6","train":"T2","tier":"3AC","seat_id":"T2-3B-7","status":"confirmed","ts":1773652179.023586}
{"op":"BOOK_TIER","ticket_id":"TKT-1773652179024-44","client":"c7","train":"T1","tier":"3AC","seat_id":"T1-3A-4","status":"confirmed","ts":1773652179.0246217}
{"op":"BOOK_TIER","ticket_id":"TKT-1773652179025-45","client":"c8","train":"T2","tier":"2AC","seat_id":"T2-2B-7","status":"confirmed","ts":1773652179.0254436}
{"op":"CANCEL_TICKET","ticket_id":"TKT-1773652179017-37","client":"c9","train":"T1","tier":"2AC","seat_id":"T1-2A-7","ts":1773652179.0260708}
{"op":"PROMOTE_TICKET","ticket_id":"TKT-1773652179022-41","client":"c4","train":"T1","tier":"2AC","seat_id":"T1-2A-7","ts":1773652179.0265472}
{"op":"BOOK_TIER","ticket_id":"TKT-1773652179027-46","client":"c0","train":"T2","tier":"3AC","seat_id":"T2-3B-8","status":"confirmed","ts":1773652179.0272324}
{"op":"WAITLIST_ADD","ticket_id":"TKT-1773652179027-47","client":"c1","train":"T1","tier":"1AC","ts":1773652179.0279016}
{"op":"CANCEL_TICKET","ticket_id":"TKT-1773652179020-39","client":"c2","train":"T2","tier":"1AC","seat_id":null,"ts":1773652179.0285487}
{"op":"WAITLIST_ADD","ticket_id":"TKT-1773652179029-48","client":"c3","train":"T1","tier":"2AC","ts":1773652179.0291736}
{"op":"WAITLIST_ADD","ticket_id":"TKT-1773652179029-49","client":"c4","train":"T1","tier":"2AC","ts":1773652179.029832}
{"op":"WAITLIST_ADD","ticket_id":"TKT-1773652179030-50","client":"c5","train":"T2","tier":"1AC","ts":1773652179.0305831}
{"op":"BOOK_TIER","ticket_id":"TKT-1773652179031-51","client":"c6","train":"T1","tier":"3AC","seat_id":"T1-3A-5","status":"confirmed","ts":1773652179.0311801}
{"op":"CANCEL_TICKET","ticket_id":"TKT-1773652179024-44","client":"c7","train":"T1","tier":"3AC","seat_id":"T1-3A-4","ts":1773652179.0320244}
{"op":"WAITLIST_ADD","ticket_id":"TKT-1773652179032-52","client":"c8","train":"T1","tier":"1AC","ts":1773652179.0326104}
{"op":"BOOK_TIER","ticket_id":"TKT-1773652179033-53","client":"c9","train":"T2","tier":"2AC","seat_id":"T2-2B-8","status":"confirmed","ts":1773652179.0337565}
{"op":"BOOK_TIER","ticket_id":"TKT-1773652179034-54","client":"c0","train":"T1","tier":"3AC","seat_id":"T1-3A-4","status":"confirmed","ts":1773652179.034645}
{"op":"BOOK_TIER","ticket_id":"TKT-1773652179035-55","client":"c1","train":"T1","tier":"3AC","seat_id":"T1-3A-6","status":"confirmed","ts":1773652179.0353293}
{"op":"WAITLIST_ADD","ticket_id":"TKT-1773652179036-56","client":"c2","train":"T2","tier":"2AC","ts":1773652179.0365438}
{"op":"CANCEL_TICKET","ticket_id":"TKT-1773652179029-48","client":"c3","train":"T1","tier":"2AC","seat_id":null,"ts":1773652179.03772}
{"op":"WAITLIST_ADD","ticket_id":"TKT-1773652179038-57","client":"c4","train":"T1","tier":"2AC","ts":1773652179.0389884}
{"op":"WAITLIST_ADD","ticket_id":"TKT-1773652179039-58","client":"c5","train":"T2","tier":"1AC","ts":1773652179.0398402}
{"op":"BOOK_TIER","ticket_id":"TKT-1773652179040-59","client":"c6","train":"T1","tier":"3AC","seat_id":"T1-3A-7","status":"confirmed","ts":1773652179.0405893}
{"op":"WAITLIST_ADD","ticket_id":"TKT-1773652179041-60","client":"c7","train":"T1","tier":"2AC","ts":1773652179.0414355}
{"op":"CANCEL_TICKET","ticket_id":"TKT-1773652179032-52","client":"c8","train":"T1","tier":"1AC","seat_id":null,"ts":1773652179.0420678}
{"op":"CANCEL_TICKET","ticket_id":"TKT-1773652179033-53","client":"c9","train":"T2","tier":"2AC","seat_id":"T2-2B-8","ts":1773652179.0427291}
{"op":"PROMOTE_TICKET","ticket_id":"TKT-1773652179036-56","client":"c2","train":"T2","tier":"2AC","seat_id":"T2-2B-8","ts":1773652179.0436904}
{"op":"BOOK_TIER","ticket_id":"TKT-1773652179044-61","client":"c0","train":"T1","tier":"3AC","seat_id":"T1-3A-8","status":"confirmed","ts":1773652179.0444443}
{"op":"WAITLIST_ADD","ticket_id":"TKT-1773652179045-62","client":"c1","train":"T1","tier":"3AC","ts":1773652179.0455172}
{"op":"WAITLIST_ADD","ticket_id":"TKT-1773652179046-63","client":"c2","train":"T2","tier":"3AC","ts":1773652179.0465262}
{"op":"WAITLIST_ADD","ticket_id":"TKT-1773652179047-64","client":"c3","train":"T1","tier":"1AC","ts":1773652179.047621}
{"op":"WAITLIST_ADD","ticket_id":"TKT-1773652179048-65","client":"c4","train":"T1","tier":"3AC","ts":1773652179.04855}
{"op":"WAITLIST_ADD","ticket_id":"TKT-1773652179049-66","client":"c5","train":"T1","tier":"3AC","ts":1773652179.0496771}
{"op":"WAITLIST_ADD","ticket_id":"TKT-1773652179051-67","client":"c6","train":"T2","tier":"3AC","ts":1773652179.051021}
{"op":"WAITLIST_ADD","ticket_id":"TKT-1773652179051-68","client":"c7","train":"T2","tier":"3AC","ts":1773652179.0519898}
{"op":"WAITLIST_ADD","ticket_id":"TKT-1773652179052-69","client":"c8","train":"T2","tier":"1AC","ts":1773652179.052769}
{"op":"WAITLIST_ADD","ticket_id":"TKT-1773652179053-70","client":"c9","train":"T1","tier":"2AC","ts":1773652179.0536437}
{"op":"CANCEL_TICKET","ticket_id":"TKT-1773652179044-61","client":"c0","train":"T1","tier":"3AC","seat_id":"T1-3A-8","ts":1773652179.0544748}
{"op":"PROMOTE_TICKET","ticket_id":"TKT-1773652179045-62","client":"c1","train":"T1","tier":"3AC","seat_id":"T1-3A-8","ts":1773652179.0551445}
{"op":"CANCEL_TICKET","ticket_id":"TKT-1773652179045-62","client":"c1","train":"T1","tier":"3AC","seat_id":"T1-3A-8","ts":1773652179.0559168}
{"op":"PROMOTE_TICKET","ticket_id":"TKT-1773652179048-65","client":"c4","train":"T1","tier":"3AC","seat_id":"T1-3A-8","ts":1773652179.0563543}
{"op":"CANCEL_TICKET","ticket_id":"TKT-1773652179046-63","client":"c2","train":"T2","tier":"3AC","seat_id":null,"ts":1773652179.05714}
{"op":"WAITLIST_ADD","ticket_id":"TKT-1773652179057-71","client":"c3","train":"T1","tier":"1AC","ts":1773652179.0577571}
{"op":"WAITLIST_ADD","ticket_id":"TKT-1773652179058-72","client":"c4","train":"T2","tier":"3AC","ts":1773652179.058606}
{"op":"WAITLIST_ADD","ticket_id":"TKT-1773652179059-73","client":"c5","train":"T2","tier":"1AC","ts":1773652179.0594785}
{"op":"WAITLIST_ADD","ticket_id":"TKT-1773652179060-74","client":"c6","train":"T1","tier":"1AC","ts":1773652179.0603151}
{"op":"WAITLIST_ADD","ticket_id":"TKT-1773652179061-75","client":"c7","train":"T2","tier":"3AC","ts":1773652179.0610635}
{"op":"WAITLIST_ADD","ticket_id":"TKT-1773652179061-76","client":"c8","train":"T2","tier":"2AC","ts":1773652179.061924}
{"op":"WAITLIST_ADD","ticket_id":"TKT-1773652179062-77","client":"c9","train":"T1","tier":"2AC","ts":1773652179.0627024}
{"op":"WAITLIST_ADD","ticket_id":"TKT-1773652179063-78","client":"c0","train":"T1","tier":"1AC","ts":1773652179.063501}
{"op":"WAITLIST_ADD","ticket_id":"TKT-1773652179064-79","client":"c1","train":"T2","tier":"1AC","ts":1773652179.064366}
{"op":"WAITLIST_ADD","ticket_id":"TKT-1773652179065-80","client":"c2","train":"T2","tier":"2AC","ts":1773652179.0651026}
{"op":"WAITLIST_ADD","ticket_id":"TKT-1773652179065-81","client":"c3","train":"T1","tier":"2AC","ts":1773652179.0659554}
{"op":"WAITLIST_ADD","ticket_id":"TKT-1773652179067-82","client":"c4","train":"T2","tier":"2AC","ts":1773652179.0670063}
{"op":"WAITLIST_ADD","ticket_id":"TKT-1773652179067-83","client":"c5","train":"T2","tier":"2AC","ts":1773652179.067976}
{"op":"WAITLIST_ADD","ticket_id":"TKT-1773652179068-84","client":"c6","train":"T1","tier":"1AC","ts":1773652179.0687547}
{"op":"WAITLIST_ADD","ticket_id":"TKT-1773652179069-85","client":"c7","train":"T2","tier":"2AC","ts":1773652179.0695941}
{"op":"WAITLIST_ADD","ticket_id":"TKT-1773652179070-86","client":"c8","train":"T1","tier":"3AC","ts":1773652179.070389}
{"op":"WAITLIST_ADD","ticket_id":"TKT-1773652179071-87","client":"c9","train":"T2","tier":"3AC","ts":1773652179.0712156}
{"op":"WAITLIST_ADD","ticket_id":"TKT-1773652179072-88","client":"c0","train":"T2","tier":"2AC","ts":1773652179.072125}
{"op":"CANCEL_TICKET","ticket_id":"TKT-1773652179064-79","client":"c1","train":"T2","tier":"1AC","seat_id":null,"ts":1773652179.072767}
{"op":"CANCEL_TICKET","ticket_id":"TKT-1773652179065-80","client":"c2","train":"T2","tier":"2AC","seat_id":null,"ts":1773652179.0735264}
{"op":"WAITLIST_ADD","ticket_id":"TKT-1773652179074-89","client":"c3","train":"T1","tier":"1AC","ts":1773652179.074343}
{"op":"WAITLIST_ADD","ticket_id":"TKT-1773652179075-90","client":"c6","train":"T1","tier":"3AC","ts":1773652179.0754979}
{"op":"WAITLIST_ADD","ticket_id":"TKT-1773652179076-91","client":"c7","train":"T2","tier":"2AC","ts":1773652179.0762897}
{"op":"WAITLIST_ADD","ticket_id":"TKT-1773652179077-92","client":"c8","train":"T1","tier":"1AC","ts":1773652179.0771153}
{"op":"CANCEL_TICKET","ticket_id":"TKT-1773652179071-87","client":"c9","train":"T2","tier":"3AC","seat_id":null,"ts":1773652179.0783331}
{"op":"WAITLIST_ADD","ticket_id":"TKT-1773652179079-93","client":"c1","train":"T2","tier":"3AC","ts":1773652179.0792394}
{"op":"WAITLIST_ADD","ticket_id":"TKT-1773652179080-94","client":"c2","train":"T2","tier":"3AC","ts":1773652179.0800133}
{"op":"WAITLIST_ADD","ticket_id":"TKT-1773652179081-95","client":"c9","train":"T2","tier":"1AC","ts":1773652179.0816698}
{"op":"CANCEL_TICKET","ticket_id":"TKT-1773652179079-93","client":"c1","train":"T2","tier":"3AC","seat_id":null,"ts":1773652179.082472}
{"op":"WAITLIST_ADD","ticket_id":"TKT-1773652179083-96","client":"c2","train":"T1","tier":"1AC","ts":1773652179.0838552}
{"op":"WAITLIST_ADD","ticket_id":"TKT-1773652179084-97","client":"c9","train":"T2","tier":"1AC","ts":1773652179.0849402}
{"op":"WAITLIST_ADD","ticket_id":"TKT-1773652179085-98","client":"c1","train":"T1","tier":"3AC","ts":1773652179.0857985}
{"op":"WAITLIST_ADD","ticket_id":"TKT-1773652179086-99","client":"c2","train":"T2","tier":"2AC","ts":1773652179.0868363}
{"op":"WAITLIST_ADD","ticket_id":"TKT-1773652179087-100","client":"c1","train":"T2","tier":"2AC","ts":1773652179.0878596}
